Using pre-set license
Built from '2022.3/release' branch; Version is '2022.3.61f1 (6c53ebaf375d) revision 7099371'; Using compiler version '192829333'; Build Type 'Release'
OS: 'Windows 10  (10.0.19045) 64bit Professional' Language: 'en' Physical Memory: 15742 MB
BatchMode: 1, IsHumanControllingUs: 0, StartBugReporterOnCrash: 0, Is64bit: 1, IsPro: 1

COMMAND LINE ARGUMENTS:
C:\Program Files\Unity\Hub\Editor\2022.3.61f1\Editor\Unity.exe
-adb2
-batchMode
-noUpm
-name
AssetImportWorker5
-projectPath
C:/Users/tigaw/Unity Files/Program_Skripsi
-logFile
Logs/AssetImportWorker5.log
-srvPort
59734
Successfully changed project path to: C:/Users/tigaw/Unity Files/Program_Skripsi
C:/Users/tigaw/Unity Files/Program_Skripsi
[UnityMemory] Configuration Parameters - Can be set up in boot.config
    "memorysetup-bucket-allocator-granularity=16"
    "memorysetup-bucket-allocator-bucket-count=8"
    "memorysetup-bucket-allocator-block-size=33554432"
    "memorysetup-bucket-allocator-block-count=8"
    "memorysetup-main-allocator-block-size=16777216"
    "memorysetup-thread-allocator-block-size=16777216"
    "memorysetup-gfx-main-allocator-block-size=16777216"
    "memorysetup-gfx-thread-allocator-block-size=16777216"
    "memorysetup-cache-allocator-block-size=4194304"
    "memorysetup-typetree-allocator-block-size=2097152"
    "memorysetup-profiler-bucket-allocator-granularity=16"
    "memorysetup-profiler-bucket-allocator-bucket-count=8"
    "memorysetup-profiler-bucket-allocator-block-size=33554432"
    "memorysetup-profiler-bucket-allocator-block-count=8"
    "memorysetup-profiler-allocator-block-size=16777216"
    "memorysetup-profiler-editor-allocator-block-size=1048576"
    "memorysetup-temp-allocator-size-main=16777216"
    "memorysetup-job-temp-allocator-block-size=2097152"
    "memorysetup-job-temp-allocator-block-size-background=1048576"
    "memorysetup-job-temp-allocator-reduction-small-platforms=262144"
    "memorysetup-allocator-temp-initial-block-size-main=262144"
    "memorysetup-allocator-temp-initial-block-size-worker=262144"
    "memorysetup-temp-allocator-size-background-worker=32768"
    "memorysetup-temp-allocator-size-job-worker=262144"
    "memorysetup-temp-allocator-size-preload-manager=33554432"
    "memorysetup-temp-allocator-size-nav-mesh-worker=65536"
    "memorysetup-temp-allocator-size-audio-worker=65536"
    "memorysetup-temp-allocator-size-cloud-worker=32768"
    "memorysetup-temp-allocator-size-gi-baking-worker=262144"
    "memorysetup-temp-allocator-size-gfx=262144"
Player connection [35800]  Target information:

Player connection [35800]  * "[IP] 192.168.100.24 [Port] 0 [Flags] 2 [Guid] 804245999 [EditorId] 804245999 [Version] 1048832 [Id] WindowsEditor(7,DESKTOP-TI38AGV) [Debug] 1 [PackageName] WindowsEditor [ProjectName] Editor" 

Player connection [35800] Host joined multi-casting on [225.0.0.222:54997]...
Player connection [35800] Host joined alternative multi-casting on [225.0.0.222:34997]...
Input System module state changed to: Initialized.
[PhysX] Initialized MultithreadedTaskDispatcher with 16 workers.
Refreshing native plugins compatible for Editor in 8.43 ms, found 3 plugins.
Preloading 0 native plugins for Editor in 0.00 ms.
Initialize engine version: 2022.3.61f1 (6c53ebaf375d)
[Subsystems] Discovering subsystems at path C:/Program Files/Unity/Hub/Editor/2022.3.61f1/Editor/Data/Resources/UnitySubsystems
[Subsystems] Discovering subsystems at path C:/Users/tigaw/Unity Files/Program_Skripsi/Assets
GfxDevice: creating device client; threaded=0; jobified=0
Direct3D:
    Version:  Direct3D 11.0 [level 11.1]
    Renderer: NVIDIA GeForce GTX 960 (ID=0x1401)
    Vendor:   NVIDIA
    VRAM:     4040 MB
    Driver:   32.0.15.8088
Initialize mono
Mono path[0] = 'C:/Program Files/Unity/Hub/Editor/2022.3.61f1/Editor/Data/Managed'
Mono path[1] = 'C:/Program Files/Unity/Hub/Editor/2022.3.61f1/Editor/Data/MonoBleedingEdge/lib/mono/unityjit-win32'
Mono config path = 'C:/Program Files/Unity/Hub/Editor/2022.3.61f1/Editor/Data/MonoBleedingEdge/etc'
Using monoOptions --debugger-agent=transport=dt_socket,embedding=1,server=y,suspend=n,address=127.0.0.1:56460
Begin MonoManager ReloadAssembly
Registering precompiled unity dll's ...
Register platform support module: C:/Program Files/Unity/Hub/Editor/2022.3.61f1/Editor/Data/PlaybackEngines/WebGLSupport/UnityEditor.WebGL.Extensions.dll
Register platform support module: C:/Program Files/Unity/Hub/Editor/2022.3.61f1/Editor/Data/PlaybackEngines/AndroidPlayer/UnityEditor.Android.Extensions.dll
Register platform support module: C:/Program Files/Unity/Hub/Editor/2022.3.61f1/Editor/Data/PlaybackEngines/iOSSupport/UnityEditor.iOS.Extensions.dll
Register platform support module: C:/Program Files/Unity/Hub/Editor/2022.3.61f1/Editor/Data/PlaybackEngines/WindowsStandaloneSupport/UnityEditor.WindowsStandalone.Extensions.dll
Register platform support module: C:/Program Files/Unity/Hub/Editor/2022.3.61f1/Editor/Data/PlaybackEngines/MetroSupport/UnityEditor.UWP.Extensions.dll
Registered in 0.014141 seconds.
- Loaded All Assemblies, in  0.315 seconds
Native extension for UWP target not found
Native extension for WindowsStandalone target not found
[usbmuxd] Start listen thread
[usbmuxd] Listen thread started
Native extension for iOS target not found
Native extension for Android target not found
Android Extension - Scanning For ADB Devices 213 ms
Native extension for WebGL target not found
Mono: successfully reloaded assembly
- Finished resetting the current domain, in  0.464 seconds
Domain Reload Profiling: 777ms
	BeginReloadAssembly (102ms)
		ExecutionOrderSort (0ms)
		DisableScriptedObjects (0ms)
		BackupInstance (0ms)
		ReleaseScriptingObjects (0ms)
		CreateAndSetChildDomain (1ms)
	RebuildCommonClasses (27ms)
	RebuildNativeTypeToScriptingClass (8ms)
	initialDomainReloadingComplete (57ms)
	LoadAllAssembliesAndSetupDomain (119ms)
		LoadAssemblies (101ms)
		RebuildTransferFunctionScriptingTraits (0ms)
		AnalyzeDomain (116ms)
			TypeCache.Refresh (115ms)
				TypeCache.ScanAssembly (104ms)
			ScanForSourceGeneratedMonoScriptInfo (0ms)
			ResolveRequiredComponents (0ms)
	FinalizeReload (464ms)
		ReleaseScriptCaches (0ms)
		RebuildScriptCaches (0ms)
		SetupLoadedEditorAssemblies (429ms)
			LogAssemblyErrors (0ms)
			InitializePlatformSupportModulesInManaged (290ms)
			SetLoadedEditorAssemblies (3ms)
			RefreshPlugins (0ms)
			BeforeProcessingInitializeOnLoad (2ms)
			ProcessInitializeOnLoadAttributes (94ms)
			ProcessInitializeOnLoadMethodAttributes (39ms)
			AfterProcessingInitializeOnLoad (0ms)
			EditorAssembliesLoaded (0ms)
		ExecutionOrderSort2 (0ms)
		AwakeInstancesAfterBackupRestoration (0ms)
========================================================================
Worker process is ready to serve import requests
Caller must complete domain reload
Begin MonoManager ReloadAssembly
- Loaded All Assemblies, in  0.664 seconds
Native extension for UWP target not found
Native extension for WindowsStandalone target not found
Native extension for iOS target not found
Native extension for Android target not found
Native extension for WebGL target not found
Mono: successfully reloaded assembly
- Finished resetting the current domain, in  0.926 seconds
Domain Reload Profiling: 1588ms
	BeginReloadAssembly (145ms)
		ExecutionOrderSort (0ms)
		DisableScriptedObjects (5ms)
		BackupInstance (0ms)
		ReleaseScriptingObjects (0ms)
		CreateAndSetChildDomain (28ms)
	RebuildCommonClasses (30ms)
	RebuildNativeTypeToScriptingClass (12ms)
	initialDomainReloadingComplete (40ms)
	LoadAllAssembliesAndSetupDomain (434ms)
		LoadAssemblies (316ms)
		RebuildTransferFunctionScriptingTraits (0ms)
		AnalyzeDomain (197ms)
			TypeCache.Refresh (168ms)
				TypeCache.ScanAssembly (152ms)
			ScanForSourceGeneratedMonoScriptInfo (19ms)
			ResolveRequiredComponents (9ms)
	FinalizeReload (927ms)
		ReleaseScriptCaches (0ms)
		RebuildScriptCaches (0ms)
		SetupLoadedEditorAssemblies (771ms)
			LogAssemblyErrors (0ms)
			InitializePlatformSupportModulesInManaged (35ms)
			SetLoadedEditorAssemblies (3ms)
			RefreshPlugins (0ms)
			BeforeProcessingInitializeOnLoad (62ms)
			ProcessInitializeOnLoadAttributes (588ms)
			ProcessInitializeOnLoadMethodAttributes (76ms)
			AfterProcessingInitializeOnLoad (8ms)
			EditorAssembliesLoaded (0ms)
		ExecutionOrderSort2 (0ms)
		AwakeInstancesAfterBackupRestoration (6ms)
Launched and connected shader compiler UnityShaderCompiler.exe after 0.05 seconds
Refreshing native plugins compatible for Editor in 3.78 ms, found 3 plugins.
Preloading 0 native plugins for Editor in 0.00 ms.
Unloading 4106 Unused Serialized files (Serialized files now loaded: 0)
Unloading 26 unused Assets / (432.2 KB). Loaded Objects now: 4611.
Memory consumption went from 204.3 MB to 203.8 MB.
Total: 4.904500 ms (FindLiveObjects: 0.464100 ms CreateObjectMapping: 0.347900 ms MarkObjects: 3.696000 ms  DeleteObjects: 0.394800 ms)

AssetImportParameters requested are different than current active one (requested -> active):
  custom:container-demuxer-ogg: 62fdf1f143b41e24485cea50d1cbac27 -> 
  custom:video-decoder-ogg-theora: a1e56fd34408186e4bbccfd4996cb3dc -> 
  custom:framework-win-MediaFoundation: 216162199b28c13a410421893ffa2e32 -> 
  custom:CustomObjectIndexerAttribute: 9a22284fe3817be447336de3de66b15e -> 
  custom:container-demuxer-webm: 4f35f7cbe854078d1ac9338744f61a02 -> 
  custom:container-muxer-webm: aa71ff27fc2769a1b78a27578f13a17b -> 
  custom:video-decoder-webm-vp8: 9c59270c3fd7afecdb556c50c9e8de78 -> 
  custom:SearchIndexIgnoredProperties: e643bd26f0fe6173181afceb89e7c659 -> 
  custom:AudioImporter_EditorPlatform: d09bf68614088b80899f8185d706f6e7 -> 
  custom:video-encoder-webm-vp8: eb34c28f22e8b96e1ab97ce403110664 -> 
  custom:audio-decoder-ogg-vorbis: bf7c407c2cedff20999df2af8eb42d56 -> 
  custom:audio-encoder-webm-vorbis: bf7c407c2cedff20999df2af8eb42d56 -> 
========================================================================
Received Import Request.
  Time since last request: 2060079.900242 seconds.
  path: Assets/Blink/Tools/RPGBuilder/ThirdPartyAssets/MalbersAnimations/Animations/Boar/Boar Get Hit.FBX
  artifactKey: Guid(04a980f2ae66cca4983bebd69bb5f423) Importer(815301076,1909f56bfc062723c751e8b465ee728b)
Start importing Assets/Blink/Tools/RPGBuilder/ThirdPartyAssets/MalbersAnimations/Animations/Boar/Boar Get Hit.FBX using Guid(04a980f2ae66cca4983bebd69bb5f423) Importer(815301076,1909f56bfc062723c751e8b465ee728b) [PhysX] Initialized MultithreadedTaskDispatcher with 16 workers.
 -> (artifact id: '8d71b62105bf60830e06f36ac84e6359') in 0.035424 seconds
Number of updated asset objects reloaded before import = 0
Number of asset objects unloaded after import = 85
========================================================================
Received Import Request.
  Time since last request: 0.000027 seconds.
  path: Assets/Blink/Tools/RPGBuilder/ThirdPartyAssets/Unity/@EllenStationaryToTurn90LeftWalk.fbx
  artifactKey: Guid(634a692c84f454f4daf76eef5f14d68d) Importer(815301076,1909f56bfc062723c751e8b465ee728b)
Start importing Assets/Blink/Tools/RPGBuilder/ThirdPartyAssets/Unity/@EllenStationaryToTurn90LeftWalk.fbx using Guid(634a692c84f454f4daf76eef5f14d68d) Importer(815301076,1909f56bfc062723c751e8b465ee728b) [PhysX] Initialized MultithreadedTaskDispatcher with 16 workers.
[PhysX] Initialized MultithreadedTaskDispatcher with 16 workers.
[PhysX] Initialized MultithreadedTaskDispatcher with 16 workers.
[PhysX] Initialized MultithreadedTaskDispatcher with 16 workers.
 -> (artifact id: '40ff05d9faace9e2f4f19afe5d66f7f7') in 0.153760 seconds
Number of updated asset objects reloaded before import = 0
Number of asset objects unloaded after import = 223
========================================================================
Received Import Request.
  Time since last request: 0.000027 seconds.
  path: Assets/Blink/Tools/RPGBuilder/ThirdPartyAssets/Unity/@EllenStationaryToTurn180LeftRun.fbx
  artifactKey: Guid(23e8fd4601309de4fbbd93bd4b6c1afd) Importer(815301076,1909f56bfc062723c751e8b465ee728b)
Start importing Assets/Blink/Tools/RPGBuilder/ThirdPartyAssets/Unity/@EllenStationaryToTurn180LeftRun.fbx using Guid(23e8fd4601309de4fbbd93bd4b6c1afd) Importer(815301076,1909f56bfc062723c751e8b465ee728b) [PhysX] Initialized MultithreadedTaskDispatcher with 16 workers.
[PhysX] Initialized MultithreadedTaskDispatcher with 16 workers.
[PhysX] Initialized MultithreadedTaskDispatcher with 16 workers.
[PhysX] Initialized MultithreadedTaskDispatcher with 16 workers.
 -> (artifact id: '766c1dfc447b350d55033e9a0781c69b') in 0.029690 seconds
Number of updated asset objects reloaded before import = 0
Number of asset objects unloaded after import = 223
========================================================================
Received Import Request.
  Time since last request: 0.000023 seconds.
  path: Assets/Blink/Tools/RPGBuilder/ThirdPartyAssets/MalbersAnimations/Animations/Bear/Bear Attack.FBX
  artifactKey: Guid(11b0788df1df27c4abf1e6424c819a56) Importer(815301076,1909f56bfc062723c751e8b465ee728b)
Start importing Assets/Blink/Tools/RPGBuilder/ThirdPartyAssets/MalbersAnimations/Animations/Bear/Bear Attack.FBX using Guid(11b0788df1df27c4abf1e6424c819a56) Importer(815301076,1909f56bfc062723c751e8b465ee728b) [PhysX] Initialized MultithreadedTaskDispatcher with 16 workers.
 -> (artifact id: 'ed3ddb134cfbaa3a8e7af64339830408') in 0.005646 seconds
Number of updated asset objects reloaded before import = 0
Number of asset objects unloaded after import = 75
========================================================================
Received Import Request.
  Time since last request: 0.000015 seconds.
  path: Assets/Blink/Tools/RPGBuilder/Art/CombatVisuals/AoE/AoEStun.prefab
  artifactKey: Guid(baf808cae7d8fa8478db8f740d823992) Importer(815301076,1909f56bfc062723c751e8b465ee728b)
Start importing Assets/Blink/Tools/RPGBuilder/Art/CombatVisuals/AoE/AoEStun.prefab using Guid(baf808cae7d8fa8478db8f740d823992) Importer(815301076,1909f56bfc062723c751e8b465ee728b) [PhysX] Initialized MultithreadedTaskDispatcher with 16 workers.
[PhysX] Initialized MultithreadedTaskDispatcher with 16 workers.
 -> (artifact id: '9c51d83681dee0af9a0e428cd52b4fe9') in 0.104657 seconds
Number of updated asset objects reloaded before import = 0
Number of asset objects unloaded after import = 20
========================================================================
Received Import Request.
  Time since last request: 0.000027 seconds.
  path: Assets/ThirdPartyAssets/Unity/@EllenStrafe90LeftWalkBackward.fbx
  artifactKey: Guid(ae2863c1ce58dcb428328736fc4971b6) Importer(815301076,1909f56bfc062723c751e8b465ee728b)
Start importing Assets/ThirdPartyAssets/Unity/@EllenStrafe90LeftWalkBackward.fbx using Guid(ae2863c1ce58dcb428328736fc4971b6) Importer(815301076,1909f56bfc062723c751e8b465ee728b) [PhysX] Initialized MultithreadedTaskDispatcher with 16 workers.
[PhysX] Initialized MultithreadedTaskDispatcher with 16 workers.
[PhysX] Initialized MultithreadedTaskDispatcher with 16 workers.
[PhysX] Initialized MultithreadedTaskDispatcher with 16 workers.
 -> (artifact id: '52de17393d2d47e9460c2ea5506dd8b9') in 0.035763 seconds
Number of updated asset objects reloaded before import = 0
Number of asset objects unloaded after import = 223
========================================================================
Received Import Request.
  Time since last request: 0.703816 seconds.
  path: Assets/ThirdPartyAssets/RDR/Particles/RPG Effect Pack/Prefab/Buff/Buff_1.prefab
  artifactKey: Guid(c6ac8715255ae8e43a1207be3b362cdc) Importer(815301076,1909f56bfc062723c751e8b465ee728b)
Start importing Assets/ThirdPartyAssets/RDR/Particles/RPG Effect Pack/Prefab/Buff/Buff_1.prefab using Guid(c6ac8715255ae8e43a1207be3b362cdc) Importer(815301076,1909f56bfc062723c751e8b465ee728b) [PhysX] Initialized MultithreadedTaskDispatcher with 16 workers.
[PhysX] Initialized MultithreadedTaskDispatcher with 16 workers.
 -> (artifact id: '946e9209f7c6f190fbed80bac2a74bd5') in 0.029728 seconds
Number of updated asset objects reloaded before import = 0
Number of asset objects unloaded after import = 34
========================================================================
Received Import Request.
  Time since last request: 0.000015 seconds.
  path: Assets/Blink/Tools/RPGBuilder/ThirdPartyAssets/RDR/Particles/RPG Effect Pack/Prefab/Buff/Buff_2.prefab
  artifactKey: Guid(4fa28c529c84cce4d8cfad54e67d86d6) Importer(815301076,1909f56bfc062723c751e8b465ee728b)
Start importing Assets/Blink/Tools/RPGBuilder/ThirdPartyAssets/RDR/Particles/RPG Effect Pack/Prefab/Buff/Buff_2.prefab using Guid(4fa28c529c84cce4d8cfad54e67d86d6) Importer(815301076,1909f56bfc062723c751e8b465ee728b) [PhysX] Initialized MultithreadedTaskDispatcher with 16 workers.
[PhysX] Initialized MultithreadedTaskDispatcher with 16 workers.
 -> (artifact id: 'f0c50cb7b1e101a1f99a5a2c6ce2b67e') in 0.018125 seconds
Number of updated asset objects reloaded before import = 0
Number of asset objects unloaded after import = 30
========================================================================
Received Import Request.
  Time since last request: 0.000019 seconds.
  path: Assets/ThirdPartyAssets/RDR/Particles/RPG Effect Pack/Prefab/Buff/Buff_2.prefab
  artifactKey: Guid(2d2a2dbb108a27749ac6d942ff4a37de) Importer(815301076,1909f56bfc062723c751e8b465ee728b)
Start importing Assets/ThirdPartyAssets/RDR/Particles/RPG Effect Pack/Prefab/Buff/Buff_2.prefab using Guid(2d2a2dbb108a27749ac6d942ff4a37de) Importer(815301076,1909f56bfc062723c751e8b465ee728b) [PhysX] Initialized MultithreadedTaskDispatcher with 16 workers.
[PhysX] Initialized MultithreadedTaskDispatcher with 16 workers.
 -> (artifact id: '7e7494e8c9e896cbc14f007d76079916') in 0.008081 seconds
Number of updated asset objects reloaded before import = 0
Number of asset objects unloaded after import = 30
========================================================================
Received Import Request.
  Time since last request: 0.000028 seconds.
  path: Assets/ThirdPartyAssets/RDR/Particles/RPG Effect Pack/Prefab/Buff/Buff_7.prefab
  artifactKey: Guid(0b4b150148c373748a0950612214d9e7) Importer(815301076,1909f56bfc062723c751e8b465ee728b)
Start importing Assets/ThirdPartyAssets/RDR/Particles/RPG Effect Pack/Prefab/Buff/Buff_7.prefab using Guid(0b4b150148c373748a0950612214d9e7) Importer(815301076,1909f56bfc062723c751e8b465ee728b) [PhysX] Initialized MultithreadedTaskDispatcher with 16 workers.
[PhysX] Initialized MultithreadedTaskDispatcher with 16 workers.
 -> (artifact id: '9a26e711aebd38900d7e6bd9c6c5cedd') in 0.017743 seconds
Number of updated asset objects reloaded before import = 0
Number of asset objects unloaded after import = 39
========================================================================
Received Import Request.
  Time since last request: 0.000019 seconds.
  path: Assets/ThirdPartyAssets/RDR/Particles/RPG Effect Pack/Prefab/Buff/Buff_5.prefab
  artifactKey: Guid(c67b4eb93b25de640b94c5582b1cd9e9) Importer(815301076,1909f56bfc062723c751e8b465ee728b)
Start importing Assets/ThirdPartyAssets/RDR/Particles/RPG Effect Pack/Prefab/Buff/Buff_5.prefab using Guid(c67b4eb93b25de640b94c5582b1cd9e9) Importer(815301076,1909f56bfc062723c751e8b465ee728b) [PhysX] Initialized MultithreadedTaskDispatcher with 16 workers.
[PhysX] Initialized MultithreadedTaskDispatcher with 16 workers.
 -> (artifact id: 'a579c79a079801488078dfdd6666c0e6') in 0.041731 seconds
Number of updated asset objects reloaded before import = 0
Number of asset objects unloaded after import = 24
========================================================================
Received Import Request.
  Time since last request: 0.000021 seconds.
  path: Assets/Blink/Tools/RPGBuilder/ThirdPartyAssets/RDR/Particles/RPG Effect Pack/Prefab/Buff/Buff_3.prefab
  artifactKey: Guid(3484ef5ea9c343d43b888eb46a60f51a) Importer(815301076,1909f56bfc062723c751e8b465ee728b)
Start importing Assets/Blink/Tools/RPGBuilder/ThirdPartyAssets/RDR/Particles/RPG Effect Pack/Prefab/Buff/Buff_3.prefab using Guid(3484ef5ea9c343d43b888eb46a60f51a) Importer(815301076,1909f56bfc062723c751e8b465ee728b) [PhysX] Initialized MultithreadedTaskDispatcher with 16 workers.
[PhysX] Initialized MultithreadedTaskDispatcher with 16 workers.
 -> (artifact id: '3d7b99e71b41b0b631cba9a09ff4f07e') in 0.025161 seconds
Number of updated asset objects reloaded before import = 0
Number of asset objects unloaded after import = 42
========================================================================
Received Import Request.
  Time since last request: 0.000036 seconds.
  path: Assets/ThirdPartyAssets/RDR/Particles/RPG Effect Pack/Prefab/Buff/Buff_3.prefab
  artifactKey: Guid(f09d77dca7250944e82da5049ac6eb2d) Importer(815301076,1909f56bfc062723c751e8b465ee728b)
Start importing Assets/ThirdPartyAssets/RDR/Particles/RPG Effect Pack/Prefab/Buff/Buff_3.prefab using Guid(f09d77dca7250944e82da5049ac6eb2d) Importer(815301076,1909f56bfc062723c751e8b465ee728b) [PhysX] Initialized MultithreadedTaskDispatcher with 16 workers.
[PhysX] Initialized MultithreadedTaskDispatcher with 16 workers.
 -> (artifact id: '92cf5146e5a32e676959cd40e72ecf08') in 0.013126 seconds
Number of updated asset objects reloaded before import = 0
Number of asset objects unloaded after import = 42
========================================================================
Received Import Request.
  Time since last request: 0.000018 seconds.
  path: Assets/Blink/Tools/RPGBuilder/ThirdPartyAssets/MalbersAnimations/Animations/Wolf/Canine_Actions.FBX
  artifactKey: Guid(6089ed34e6ee41d43a695df10c959e35) Importer(815301076,1909f56bfc062723c751e8b465ee728b)
Start importing Assets/Blink/Tools/RPGBuilder/ThirdPartyAssets/MalbersAnimations/Animations/Wolf/Canine_Actions.FBX using Guid(6089ed34e6ee41d43a695df10c959e35) Importer(815301076,1909f56bfc062723c751e8b465ee728b) [PhysX] Initialized MultithreadedTaskDispatcher with 16 workers.
 -> (artifact id: '2724e0e5a217d5b70fe3cbeef4777b18') in 0.006110 seconds
Number of updated asset objects reloaded before import = 0
Number of asset objects unloaded after import = 82
========================================================================
Received Import Request.
  Time since last request: 0.000016 seconds.
  path: Assets/Blink/Tools/RPGBuilder/ThirdPartyAssets/RDR/Particles/RPG Effect Pack/Prefab/Buff/Buff_6.prefab
  artifactKey: Guid(fb01bcf7335fd37459923df40b679508) Importer(815301076,1909f56bfc062723c751e8b465ee728b)
Start importing Assets/Blink/Tools/RPGBuilder/ThirdPartyAssets/RDR/Particles/RPG Effect Pack/Prefab/Buff/Buff_6.prefab using Guid(fb01bcf7335fd37459923df40b679508) Importer(815301076,1909f56bfc062723c751e8b465ee728b) [PhysX] Initialized MultithreadedTaskDispatcher with 16 workers.
[PhysX] Initialized MultithreadedTaskDispatcher with 16 workers.
 -> (artifact id: '763b51bdae883a604f3d65a0970da9bb') in 0.012014 seconds
Number of updated asset objects reloaded before import = 0
Number of asset objects unloaded after import = 40
========================================================================
Received Import Request.
  Time since last request: 0.000016 seconds.
  path: Assets/Blink/Tools/RPGBuilder/Essentials/CameraRig.prefab
  artifactKey: Guid(80844b2319340044da27db99208a9eac) Importer(815301076,1909f56bfc062723c751e8b465ee728b)
Start importing Assets/Blink/Tools/RPGBuilder/Essentials/CameraRig.prefab using Guid(80844b2319340044da27db99208a9eac) Importer(815301076,1909f56bfc062723c751e8b465ee728b) [PhysX] Initialized MultithreadedTaskDispatcher with 16 workers.
 -> (artifact id: '1b8145f09afdc78544cd9663e28864ba') in 0.002784 seconds
Number of updated asset objects reloaded before import = 0
Number of asset objects unloaded after import = 18
========================================================================
Received Import Request.
  Time since last request: 17.991076 seconds.
  path: Assets/ThirdPartyAssets/PONETI/Basic_RPG_Icons/Items/Armor/Epic/01_cloth_chest_E.png
  artifactKey: Guid(5025712f296a5f8409fb99a7cc1577c5) Importer(815301076,1909f56bfc062723c751e8b465ee728b)
Start importing Assets/ThirdPartyAssets/PONETI/Basic_RPG_Icons/Items/Armor/Epic/01_cloth_chest_E.png using Guid(5025712f296a5f8409fb99a7cc1577c5) Importer(815301076,1909f56bfc062723c751e8b465ee728b) [PhysX] Initialized MultithreadedTaskDispatcher with 16 workers.
[PhysX] Initialized MultithreadedTaskDispatcher with 16 workers.
 -> (artifact id: '8d8418b295abb27a0a4a3355bfc5ebc1') in 0.031847 seconds
Number of updated asset objects reloaded before import = 0
Number of asset objects unloaded after import = 3
========================================================================
Received Import Request.
  Time since last request: 6.410236 seconds.
  path: Assets/Standard Assets/Vehicles/Aircraft/Textures/AircraftFuselageOcclusion.png
  artifactKey: Guid(d378ff11c42566d46b0b11cd91eca3a3) Importer(815301076,1909f56bfc062723c751e8b465ee728b)
Start importing Assets/Standard Assets/Vehicles/Aircraft/Textures/AircraftFuselageOcclusion.png using Guid(d378ff11c42566d46b0b11cd91eca3a3) Importer(815301076,1909f56bfc062723c751e8b465ee728b) [PhysX] Initialized MultithreadedTaskDispatcher with 16 workers.
[PhysX] Initialized MultithreadedTaskDispatcher with 16 workers.
 -> (artifact id: 'd03f57668c189d2b4cfcb4e8f26800f3') in 0.021099 seconds
Number of updated asset objects reloaded before import = 0
Number of asset objects unloaded after import = 2
========================================================================
Received Import Request.
  Time since last request: 0.000017 seconds.
  path: Assets/Standard Assets/Vehicles/Aircraft/Textures/AircraftPropellerBlur03GreyAlbedo.png
  artifactKey: Guid(2beb3362d4b99ed40890889c97d63cd4) Importer(815301076,1909f56bfc062723c751e8b465ee728b)
Start importing Assets/Standard Assets/Vehicles/Aircraft/Textures/AircraftPropellerBlur03GreyAlbedo.png using Guid(2beb3362d4b99ed40890889c97d63cd4) Importer(815301076,1909f56bfc062723c751e8b465ee728b) [PhysX] Initialized MultithreadedTaskDispatcher with 16 workers.
[PhysX] Initialized MultithreadedTaskDispatcher with 16 workers.
 -> (artifact id: '8a0f690c50a97dda082b22758ec30252') in 0.005832 seconds
Number of updated asset objects reloaded before import = 0
Number of asset objects unloaded after import = 2
========================================================================
Received Import Request.
  Time since last request: 0.000016 seconds.
  path: Assets/Standard Assets/Vehicles/Aircraft/Textures/AircraftPropellerBlur01WhiteAlbedo.png
  artifactKey: Guid(a01d24876a1472b408ba8e5f0bf3a23f) Importer(815301076,1909f56bfc062723c751e8b465ee728b)
Start importing Assets/Standard Assets/Vehicles/Aircraft/Textures/AircraftPropellerBlur01WhiteAlbedo.png using Guid(a01d24876a1472b408ba8e5f0bf3a23f) Importer(815301076,1909f56bfc062723c751e8b465ee728b) [PhysX] Initialized MultithreadedTaskDispatcher with 16 workers.
[PhysX] Initialized MultithreadedTaskDispatcher with 16 workers.
 -> (artifact id: 'f696ee613d62be1d0d623dc229bbfcb1') in 0.006626 seconds
Number of updated asset objects reloaded before import = 0
Number of asset objects unloaded after import = 2
========================================================================
Received Import Request.
  Time since last request: 0.000019 seconds.
  path: Assets/Standard Assets/Vehicles/Aircraft/Textures/AircraftWingsPropellerNormals.png
  artifactKey: Guid(5b834380674bf7e48ade2f253138543f) Importer(815301076,1909f56bfc062723c751e8b465ee728b)
Start importing Assets/Standard Assets/Vehicles/Aircraft/Textures/AircraftWingsPropellerNormals.png using Guid(5b834380674bf7e48ade2f253138543f) Importer(815301076,1909f56bfc062723c751e8b465ee728b) [PhysX] Initialized MultithreadedTaskDispatcher with 16 workers.
[PhysX] Initialized MultithreadedTaskDispatcher with 16 workers.
 -> (artifact id: '2b2763f63ed4fba8fa84608da474dd6c') in 0.033892 seconds
Number of updated asset objects reloaded before import = 0
Number of asset objects unloaded after import = 2
========================================================================
Received Import Request.
  Time since last request: 3.764073 seconds.
  path: Assets/Standard Assets/Environment/SpeedTree/Broadleaf/Broadleaf_Desktop_Atlas_Billboards_Normal.tga
  artifactKey: Guid(0ec79c3d1dd0fb640b7f3f72ebb28f74) Importer(815301076,1909f56bfc062723c751e8b465ee728b)
Start importing Assets/Standard Assets/Environment/SpeedTree/Broadleaf/Broadleaf_Desktop_Atlas_Billboards_Normal.tga using Guid(0ec79c3d1dd0fb640b7f3f72ebb28f74) Importer(815301076,1909f56bfc062723c751e8b465ee728b) [PhysX] Initialized MultithreadedTaskDispatcher with 16 workers.
[PhysX] Initialized MultithreadedTaskDispatcher with 16 workers.
 -> (artifact id: 'acbd7defcd0bd939ae7c62ab23bff972') in 0.013431 seconds
Number of updated asset objects reloaded before import = 0
Number of asset objects unloaded after import = 2
========================================================================
Received Import Request.
  Time since last request: 0.000020 seconds.
  path: Assets/Standard Assets/Environment/SpeedTree/Broadleaf/Broadleaf_Mobile_Atlas_Billboards_Normal.tga
  artifactKey: Guid(c9de3ae2361df6c469caeb2024321cbf) Importer(815301076,1909f56bfc062723c751e8b465ee728b)
Start importing Assets/Standard Assets/Environment/SpeedTree/Broadleaf/Broadleaf_Mobile_Atlas_Billboards_Normal.tga using Guid(c9de3ae2361df6c469caeb2024321cbf) Importer(815301076,1909f56bfc062723c751e8b465ee728b) [PhysX] Initialized MultithreadedTaskDispatcher with 16 workers.
[PhysX] Initialized MultithreadedTaskDispatcher with 16 workers.
 -> (artifact id: '01c18fc632805dabd35c83c650f78976') in 0.014731 seconds
Number of updated asset objects reloaded before import = 0
Number of asset objects unloaded after import = 2
========================================================================
Received Import Request.
  Time since last request: 0.000017 seconds.
  path: Assets/Standard Assets/Environment/SpeedTree/Broadleaf/Broadleaf_Mobile_Atlas.tga
  artifactKey: Guid(2c116325e19b8a04d916864cc540ec2d) Importer(815301076,1909f56bfc062723c751e8b465ee728b)
Start importing Assets/Standard Assets/Environment/SpeedTree/Broadleaf/Broadleaf_Mobile_Atlas.tga using Guid(2c116325e19b8a04d916864cc540ec2d) Importer(815301076,1909f56bfc062723c751e8b465ee728b) [PhysX] Initialized MultithreadedTaskDispatcher with 16 workers.
[PhysX] Initialized MultithreadedTaskDispatcher with 16 workers.
 -> (artifact id: 'e4286dbb84ad70b2208e081d74ef224a') in 0.013699 seconds
Number of updated asset objects reloaded before import = 0
Number of asset objects unloaded after import = 2
========================================================================
Received Import Request.
  Time since last request: 0.000016 seconds.
  path: Assets/Standard Assets/Environment/SpeedTree/Broadleaf/BroadleafBark_Normal.tga
  artifactKey: Guid(34f07406286974e4ca236867d8d58b51) Importer(815301076,1909f56bfc062723c751e8b465ee728b)
Start importing Assets/Standard Assets/Environment/SpeedTree/Broadleaf/BroadleafBark_Normal.tga using Guid(34f07406286974e4ca236867d8d58b51) Importer(815301076,1909f56bfc062723c751e8b465ee728b) [PhysX] Initialized MultithreadedTaskDispatcher with 16 workers.
[PhysX] Initialized MultithreadedTaskDispatcher with 16 workers.
 -> (artifact id: 'a926d8d97aefcf4fd671cf2a667546f3') in 0.014409 seconds
Number of updated asset objects reloaded before import = 0
Number of asset objects unloaded after import = 2
========================================================================
Received Import Request.
  Time since last request: 0.013999 seconds.
  path: Assets/Standard Assets/Environment/SpeedTree/Broadleaf/Broadleaves_Mobile.tga
  artifactKey: Guid(b063a9f2b9f645b40948a32b447c738f) Importer(815301076,1909f56bfc062723c751e8b465ee728b)
Start importing Assets/Standard Assets/Environment/SpeedTree/Broadleaf/Broadleaves_Mobile.tga using Guid(b063a9f2b9f645b40948a32b447c738f) Importer(815301076,1909f56bfc062723c751e8b465ee728b) [PhysX] Initialized MultithreadedTaskDispatcher with 16 workers.
[PhysX] Initialized MultithreadedTaskDispatcher with 16 workers.
 -> (artifact id: '7a60ec203f44e26d8ecbf821aabd6e43') in 0.014261 seconds
Number of updated asset objects reloaded before import = 0
Number of asset objects unloaded after import = 2
========================================================================
Received Import Request.
  Time since last request: 0.361960 seconds.
  path: Assets/ThirdPartyAssets/RDR/Particles/PORTAL (AAA)/Textures/Circle_1.png
  artifactKey: Guid(26c7cac1fb22e9b428b24b12ceedf2a5) Importer(815301076,1909f56bfc062723c751e8b465ee728b)
Start importing Assets/ThirdPartyAssets/RDR/Particles/PORTAL (AAA)/Textures/Circle_1.png using Guid(26c7cac1fb22e9b428b24b12ceedf2a5) Importer(815301076,1909f56bfc062723c751e8b465ee728b) [PhysX] Initialized MultithreadedTaskDispatcher with 16 workers.
[PhysX] Initialized MultithreadedTaskDispatcher with 16 workers.
 -> (artifact id: '3d85ddf67e0bdfd51dca2d0e3c91fe83') in 0.015843 seconds
Number of updated asset objects reloaded before import = 0
Number of asset objects unloaded after import = 2
========================================================================
Received Import Request.
  Time since last request: 0.000019 seconds.
  path: Assets/Blink/Tools/RPGBuilder/ThirdPartyAssets/RDR/Particles/PORTAL (AAA)/Textures/Circle_2.png
  artifactKey: Guid(fe188111bca0d11488c957d9761e0eac) Importer(815301076,1909f56bfc062723c751e8b465ee728b)
Start importing Assets/Blink/Tools/RPGBuilder/ThirdPartyAssets/RDR/Particles/PORTAL (AAA)/Textures/Circle_2.png using Guid(fe188111bca0d11488c957d9761e0eac) Importer(815301076,1909f56bfc062723c751e8b465ee728b) [PhysX] Initialized MultithreadedTaskDispatcher with 16 workers.
[PhysX] Initialized MultithreadedTaskDispatcher with 16 workers.
 -> (artifact id: '65b5414f644b710c64ec2d847571133e') in 0.027381 seconds
Number of updated asset objects reloaded before import = 0
Number of asset objects unloaded after import = 2
========================================================================
Received Import Request.
  Time since last request: 0.000017 seconds.
  path: Assets/Blink/Tools/RPGBuilder/ThirdPartyAssets/RDR/Particles/PORTAL (AAA)/Textures/Circle_3.png
  artifactKey: Guid(497551676b536e54e94086cadb7a8143) Importer(815301076,1909f56bfc062723c751e8b465ee728b)
Start importing Assets/Blink/Tools/RPGBuilder/ThirdPartyAssets/RDR/Particles/PORTAL (AAA)/Textures/Circle_3.png using Guid(497551676b536e54e94086cadb7a8143) Importer(815301076,1909f56bfc062723c751e8b465ee728b) [PhysX] Initialized MultithreadedTaskDispatcher with 16 workers.
[PhysX] Initialized MultithreadedTaskDispatcher with 16 workers.
 -> (artifact id: 'b61b0594570f30016a33ec4c8d413d94') in 0.014293 seconds
Number of updated asset objects reloaded before import = 0
Number of asset objects unloaded after import = 2
========================================================================
Received Import Request.
  Time since last request: 0.000019 seconds.
  path: Assets/ThirdPartyAssets/RDR/Particles/RPG Effect Pack/Texture/Circle/Circle_4.png
  artifactKey: Guid(303f939d7ed120b40a5620fe1ae81841) Importer(815301076,1909f56bfc062723c751e8b465ee728b)
Start importing Assets/ThirdPartyAssets/RDR/Particles/RPG Effect Pack/Texture/Circle/Circle_4.png using Guid(303f939d7ed120b40a5620fe1ae81841) Importer(815301076,1909f56bfc062723c751e8b465ee728b) [PhysX] Initialized MultithreadedTaskDispatcher with 16 workers.
[PhysX] Initialized MultithreadedTaskDispatcher with 16 workers.
 -> (artifact id: '46fe787117e7367693812bb84c29ab71') in 0.013107 seconds
Number of updated asset objects reloaded before import = 0
Number of asset objects unloaded after import = 2
========================================================================
Received Import Request.
  Time since last request: 0.000019 seconds.
  path: Assets/Blink/Tools/RPGBuilder/ThirdPartyAssets/RDR/Particles/PORTAL (AAA)/Textures/Circle_6.png
  artifactKey: Guid(d28ec6753102a9d4ab0c8a8636ccd059) Importer(815301076,1909f56bfc062723c751e8b465ee728b)
Start importing Assets/Blink/Tools/RPGBuilder/ThirdPartyAssets/RDR/Particles/PORTAL (AAA)/Textures/Circle_6.png using Guid(d28ec6753102a9d4ab0c8a8636ccd059) Importer(815301076,1909f56bfc062723c751e8b465ee728b) [PhysX] Initialized MultithreadedTaskDispatcher with 16 workers.
[PhysX] Initialized MultithreadedTaskDispatcher with 16 workers.
 -> (artifact id: 'a68af3ea642c1a16cfe97af177fdcd6f') in 0.013771 seconds
Number of updated asset objects reloaded before import = 0
Number of asset objects unloaded after import = 2
========================================================================
Received Import Request.
  Time since last request: 0.000016 seconds.
  path: Assets/ThirdPartyAssets/RDR/Particles/PORTAL (AAA)/Textures/Circle_7.png
  artifactKey: Guid(bd53e8df5ef8b33439e871a849c9f59d) Importer(815301076,1909f56bfc062723c751e8b465ee728b)
Start importing Assets/ThirdPartyAssets/RDR/Particles/PORTAL (AAA)/Textures/Circle_7.png using Guid(bd53e8df5ef8b33439e871a849c9f59d) Importer(815301076,1909f56bfc062723c751e8b465ee728b) [PhysX] Initialized MultithreadedTaskDispatcher with 16 workers.
[PhysX] Initialized MultithreadedTaskDispatcher with 16 workers.
 -> (artifact id: 'c41b881fd96a3da47f3b97b2076d7144') in 0.013721 seconds
Number of updated asset objects reloaded before import = 0
Number of asset objects unloaded after import = 2
========================================================================
Received Import Request.
  Time since last request: 0.019958 seconds.
  path: Assets/Blink/Tools/RPGBuilder/ThirdPartyAssets/RDR/Particles/PORTAL (AAA)/Textures/Circle_9.png
  artifactKey: Guid(c5cba00f1b1ba664c99de8e6ed50903a) Importer(815301076,1909f56bfc062723c751e8b465ee728b)
Start importing Assets/Blink/Tools/RPGBuilder/ThirdPartyAssets/RDR/Particles/PORTAL (AAA)/Textures/Circle_9.png using Guid(c5cba00f1b1ba664c99de8e6ed50903a) Importer(815301076,1909f56bfc062723c751e8b465ee728b) [PhysX] Initialized MultithreadedTaskDispatcher with 16 workers.
[PhysX] Initialized MultithreadedTaskDispatcher with 16 workers.
 -> (artifact id: '3a20daeff64a39ec98f773adbb51f695') in 0.025518 seconds
Number of updated asset objects reloaded before import = 0
Number of asset objects unloaded after import = 2
========================================================================
Received Import Request.
  Time since last request: 0.000019 seconds.
  path: Assets/ThirdPartyAssets/RDR/Particles/PORTAL (AAA)/Textures/Circle_10.png
  artifactKey: Guid(4265f724e823f9543955c267899e9084) Importer(815301076,1909f56bfc062723c751e8b465ee728b)
Start importing Assets/ThirdPartyAssets/RDR/Particles/PORTAL (AAA)/Textures/Circle_10.png using Guid(4265f724e823f9543955c267899e9084) Importer(815301076,1909f56bfc062723c751e8b465ee728b) [PhysX] Initialized MultithreadedTaskDispatcher with 16 workers.
[PhysX] Initialized MultithreadedTaskDispatcher with 16 workers.
 -> (artifact id: 'd47bb2586fb1229e15c202bdea34127a') in 0.012949 seconds
Number of updated asset objects reloaded before import = 0
Number of asset objects unloaded after import = 2
========================================================================
Received Import Request.
  Time since last request: 0.000018 seconds.
  path: Assets/Blink/Tools/RPGBuilder/ThirdPartyAssets/RDR/Particles/PORTAL (AAA)/Textures/Circle_13.png
  artifactKey: Guid(c292b5df40310ac408547cabee90ead4) Importer(815301076,1909f56bfc062723c751e8b465ee728b)
Start importing Assets/Blink/Tools/RPGBuilder/ThirdPartyAssets/RDR/Particles/PORTAL (AAA)/Textures/Circle_13.png using Guid(c292b5df40310ac408547cabee90ead4) Importer(815301076,1909f56bfc062723c751e8b465ee728b) [PhysX] Initialized MultithreadedTaskDispatcher with 16 workers.
[PhysX] Initialized MultithreadedTaskDispatcher with 16 workers.
 -> (artifact id: '692308727ee496940c0eae62a5ab0be3') in 0.014741 seconds
Number of updated asset objects reloaded before import = 0
Number of asset objects unloaded after import = 2
========================================================================
Received Import Request.
  Time since last request: 0.007155 seconds.
  path: Assets/ThirdPartyAssets/GabrielAguiarProductions/Textures/CircleOutter01.PNG
  artifactKey: Guid(eb1e98e5c2965034c85b44c2f1653317) Importer(815301076,1909f56bfc062723c751e8b465ee728b)
Start importing Assets/ThirdPartyAssets/GabrielAguiarProductions/Textures/CircleOutter01.PNG using Guid(eb1e98e5c2965034c85b44c2f1653317) Importer(815301076,1909f56bfc062723c751e8b465ee728b) [PhysX] Initialized MultithreadedTaskDispatcher with 16 workers.
[PhysX] Initialized MultithreadedTaskDispatcher with 16 workers.
 -> (artifact id: 'c9d12b6a15afdac7375af10a3fca806b') in 0.011640 seconds
Number of updated asset objects reloaded before import = 0
Number of asset objects unloaded after import = 2
========================================================================
Received Import Request.
  Time since last request: 10.422351 seconds.
  path: Assets/ThirdPartyAssets/RDR/Particles/RPG Effect Pack/Texture/Cursor/Curcor_Click_2.png
  artifactKey: Guid(449b0e00e5b31a94abe42f51d974bb51) Importer(815301076,1909f56bfc062723c751e8b465ee728b)
Start importing Assets/ThirdPartyAssets/RDR/Particles/RPG Effect Pack/Texture/Cursor/Curcor_Click_2.png using Guid(449b0e00e5b31a94abe42f51d974bb51) Importer(815301076,1909f56bfc062723c751e8b465ee728b) [PhysX] Initialized MultithreadedTaskDispatcher with 16 workers.
[PhysX] Initialized MultithreadedTaskDispatcher with 16 workers.
 -> (artifact id: 'd4b03b891328a6a4e56905a3ed15ec03') in 0.056264 seconds
Number of updated asset objects reloaded before import = 0
Number of asset objects unloaded after import = 2
========================================================================
Received Import Request.
  Time since last request: 0.002037 seconds.
  path: Assets/Blink/Tools/RPGBuilder/ThirdPartyAssets/RDR/Particles/RPG Effect Pack/Texture/Cursor/Curcor_Click_31.png
  artifactKey: Guid(7b92b5ff2cd803b42893b2ee1fbf14e3) Importer(815301076,1909f56bfc062723c751e8b465ee728b)
Start importing Assets/Blink/Tools/RPGBuilder/ThirdPartyAssets/RDR/Particles/RPG Effect Pack/Texture/Cursor/Curcor_Click_31.png using Guid(7b92b5ff2cd803b42893b2ee1fbf14e3) Importer(815301076,1909f56bfc062723c751e8b465ee728b) [PhysX] Initialized MultithreadedTaskDispatcher with 16 workers.
[PhysX] Initialized MultithreadedTaskDispatcher with 16 workers.
 -> (artifact id: 'a56f42739925660b0c747fd98ab19768') in 0.015814 seconds
Number of updated asset objects reloaded before import = 0
Number of asset objects unloaded after import = 2
========================================================================
Received Import Request.
  Time since last request: 0.030016 seconds.
  path: Assets/Blink/Tools/RPGBuilder/ThirdPartyAssets/RDR/Particles/RPG Effect Pack/Texture/Cursor/Cursor_1.psd
  artifactKey: Guid(01b63d03de2373849bf217f8e721913d) Importer(815301076,1909f56bfc062723c751e8b465ee728b)
Start importing Assets/Blink/Tools/RPGBuilder/ThirdPartyAssets/RDR/Particles/RPG Effect Pack/Texture/Cursor/Cursor_1.psd using Guid(01b63d03de2373849bf217f8e721913d) Importer(815301076,1909f56bfc062723c751e8b465ee728b) [PhysX] Initialized MultithreadedTaskDispatcher with 16 workers.
[PhysX] Initialized MultithreadedTaskDispatcher with 16 workers.
 -> (artifact id: 'bf9b712d72a9920665745e1801a68616') in 0.021815 seconds
Number of updated asset objects reloaded before import = 0
Number of asset objects unloaded after import = 2
========================================================================
Received Import Request.
  Time since last request: 0.036922 seconds.
  path: Assets/Blink/Tools/RPGBuilder/ThirdPartyAssets/RDR/Particles/RPG Effect Pack/Texture/Cursor/Cursor_3.psd
  artifactKey: Guid(dd182a8939b4b904bbc9066e4d0dd41c) Importer(815301076,1909f56bfc062723c751e8b465ee728b)
Start importing Assets/Blink/Tools/RPGBuilder/ThirdPartyAssets/RDR/Particles/RPG Effect Pack/Texture/Cursor/Cursor_3.psd using Guid(dd182a8939b4b904bbc9066e4d0dd41c) Importer(815301076,1909f56bfc062723c751e8b465ee728b) [PhysX] Initialized MultithreadedTaskDispatcher with 16 workers.
[PhysX] Initialized MultithreadedTaskDispatcher with 16 workers.
 -> (artifact id: '9607cf62514a5f9e0163e51269c6e6db') in 0.023830 seconds
Number of updated asset objects reloaded before import = 0
Number of asset objects unloaded after import = 2
========================================================================
Received Import Request.
  Time since last request: 0.000018 seconds.
  path: Assets/ThirdPartyAssets/GabrielAguiarProductions/Textures/CylinderTex01.PNG
  artifactKey: Guid(06d978ebc4c6deb41a319ab27b627d89) Importer(815301076,1909f56bfc062723c751e8b465ee728b)
Start importing Assets/ThirdPartyAssets/GabrielAguiarProductions/Textures/CylinderTex01.PNG using Guid(06d978ebc4c6deb41a319ab27b627d89) Importer(815301076,1909f56bfc062723c751e8b465ee728b) [PhysX] Initialized MultithreadedTaskDispatcher with 16 workers.
[PhysX] Initialized MultithreadedTaskDispatcher with 16 workers.
 -> (artifact id: '7b8aea83e078cc70e772b652164256a1') in 0.025676 seconds
Number of updated asset objects reloaded before import = 0
Number of asset objects unloaded after import = 2
========================================================================
Received Import Request.
  Time since last request: 0.105996 seconds.
  path: Assets/Blink/Tools/RPGBuilder/ThirdPartyAssets/RDR/Particles/RPG Effect Pack/Texture/Cursor/Dialog.psd
  artifactKey: Guid(73ec708986bf39849b4e4280c75206c0) Importer(815301076,1909f56bfc062723c751e8b465ee728b)
Start importing Assets/Blink/Tools/RPGBuilder/ThirdPartyAssets/RDR/Particles/RPG Effect Pack/Texture/Cursor/Dialog.psd using Guid(73ec708986bf39849b4e4280c75206c0) Importer(815301076,1909f56bfc062723c751e8b465ee728b) [PhysX] Initialized MultithreadedTaskDispatcher with 16 workers.
[PhysX] Initialized MultithreadedTaskDispatcher with 16 workers.
 -> (artifact id: '430d6767a110977a2061ff0b1a1ce2cc') in 0.011719 seconds
Number of updated asset objects reloaded before import = 0
Number of asset objects unloaded after import = 2
========================================================================
Received Import Request.
  Time since last request: 1.808453 seconds.
  path: Assets/ThirdPartyAssets/RDR/Particles/RPG Effect Pack/Texture/Cursor/Ex.psd
  artifactKey: Guid(fc7cb7a74c1dafd48a620f9c139dae3c) Importer(815301076,1909f56bfc062723c751e8b465ee728b)
Start importing Assets/ThirdPartyAssets/RDR/Particles/RPG Effect Pack/Texture/Cursor/Ex.psd using Guid(fc7cb7a74c1dafd48a620f9c139dae3c) Importer(815301076,1909f56bfc062723c751e8b465ee728b) [PhysX] Initialized MultithreadedTaskDispatcher with 16 workers.
[PhysX] Initialized MultithreadedTaskDispatcher with 16 workers.
 -> (artifact id: '2d2e92865cf14d0886aed27882044c53') in 0.014934 seconds
Number of updated asset objects reloaded before import = 0
Number of asset objects unloaded after import = 2
========================================================================
Received Import Request.
  Time since last request: 1.026776 seconds.
  path: Assets/Blink/Tools/RPGBuilder/ThirdPartyAssets/RDR/Particles/RPG Effect Pack/Texture/Smoke_Fog/Fire_2.png
  artifactKey: Guid(be8c61d2147987341838f9951e383c98) Importer(815301076,1909f56bfc062723c751e8b465ee728b)
Start importing Assets/Blink/Tools/RPGBuilder/ThirdPartyAssets/RDR/Particles/RPG Effect Pack/Texture/Smoke_Fog/Fire_2.png using Guid(be8c61d2147987341838f9951e383c98) Importer(815301076,1909f56bfc062723c751e8b465ee728b) [PhysX] Initialized MultithreadedTaskDispatcher with 16 workers.
[PhysX] Initialized MultithreadedTaskDispatcher with 16 workers.
 -> (artifact id: '1ad8efa24da87359abed3f960544ac71') in 0.013912 seconds
Number of updated asset objects reloaded before import = 0
Number of asset objects unloaded after import = 2
========================================================================
Received Import Request.
  Time since last request: 0.000019 seconds.
  path: Assets/ThirdPartyAssets/RDR/Particles/RPG Effect Pack/Texture/Smoke_Fog/Fire_3.png
  artifactKey: Guid(a08ddc896ded525498b0a427132c9d55) Importer(815301076,1909f56bfc062723c751e8b465ee728b)
Start importing Assets/ThirdPartyAssets/RDR/Particles/RPG Effect Pack/Texture/Smoke_Fog/Fire_3.png using Guid(a08ddc896ded525498b0a427132c9d55) Importer(815301076,1909f56bfc062723c751e8b465ee728b) [PhysX] Initialized MultithreadedTaskDispatcher with 16 workers.
[PhysX] Initialized MultithreadedTaskDispatcher with 16 workers.
 -> (artifact id: '62c1142ab55b96ba71b55f07eca372e0') in 0.017730 seconds
Number of updated asset objects reloaded before import = 0
Number of asset objects unloaded after import = 2
========================================================================
Received Import Request.
  Time since last request: 0.175258 seconds.
  path: Assets/ThirdPartyAssets/RDR/Particles/RPG Effect Pack/Texture/Smoke_Fog/Fog_2.png
  artifactKey: Guid(a9faa762aee59e649b14235cae0ca69d) Importer(815301076,1909f56bfc062723c751e8b465ee728b)
Start importing Assets/ThirdPartyAssets/RDR/Particles/RPG Effect Pack/Texture/Smoke_Fog/Fog_2.png using Guid(a9faa762aee59e649b14235cae0ca69d) Importer(815301076,1909f56bfc062723c751e8b465ee728b) [PhysX] Initialized MultithreadedTaskDispatcher with 16 workers.
[PhysX] Initialized MultithreadedTaskDispatcher with 16 workers.
 -> (artifact id: '19b8fcd70effe486ef7dfbe2416932f2') in 0.037125 seconds
Number of updated asset objects reloaded before import = 0
Number of asset objects unloaded after import = 2
========================================================================
Received Import Request.
  Time since last request: 2.186301 seconds.
  path: Assets/Blink/Tools/RPGBuilder/ThirdPartyAssets/RDR/Particles/RPG Effect Pack/Texture/Glow/Glow_2.png
  artifactKey: Guid(61ff437724fa12940b8a5a0602bb1644) Importer(815301076,1909f56bfc062723c751e8b465ee728b)
Start importing Assets/Blink/Tools/RPGBuilder/ThirdPartyAssets/RDR/Particles/RPG Effect Pack/Texture/Glow/Glow_2.png using Guid(61ff437724fa12940b8a5a0602bb1644) Importer(815301076,1909f56bfc062723c751e8b465ee728b) [PhysX] Initialized MultithreadedTaskDispatcher with 16 workers.
[PhysX] Initialized MultithreadedTaskDispatcher with 16 workers.
 -> (artifact id: '7e600f2fb9b8389ef0262f6299b28304') in 0.053400 seconds
Number of updated asset objects reloaded before import = 0
Number of asset objects unloaded after import = 2
========================================================================
Received Import Request.
  Time since last request: 0.000020 seconds.
  path: Assets/Blink/Tools/RPGBuilder/ThirdPartyAssets/RDR/Particles/RPG Effect Pack/Texture/Glow/Glow_5.png
  artifactKey: Guid(c163d8a1c5c43fc4ea6b993f37363fde) Importer(815301076,1909f56bfc062723c751e8b465ee728b)
Start importing Assets/Blink/Tools/RPGBuilder/ThirdPartyAssets/RDR/Particles/RPG Effect Pack/Texture/Glow/Glow_5.png using Guid(c163d8a1c5c43fc4ea6b993f37363fde) Importer(815301076,1909f56bfc062723c751e8b465ee728b) [PhysX] Initialized MultithreadedTaskDispatcher with 16 workers.
[PhysX] Initialized MultithreadedTaskDispatcher with 16 workers.
 -> (artifact id: 'a9acb31f4cb455bc3221fc310597258e') in 0.013118 seconds
Number of updated asset objects reloaded before import = 0
Number of asset objects unloaded after import = 2
========================================================================
Received Import Request.
  Time since last request: 0.000018 seconds.
  path: Assets/ThirdPartyAssets/RDR/Particles/PORTAL (AAA)/Textures/Glow_Particle.png
  artifactKey: Guid(15c2ecc2fa4c6fd47b892798f3e52aa7) Importer(815301076,1909f56bfc062723c751e8b465ee728b)
Start importing Assets/ThirdPartyAssets/RDR/Particles/PORTAL (AAA)/Textures/Glow_Particle.png using Guid(15c2ecc2fa4c6fd47b892798f3e52aa7) Importer(815301076,1909f56bfc062723c751e8b465ee728b) [PhysX] Initialized MultithreadedTaskDispatcher with 16 workers.
[PhysX] Initialized MultithreadedTaskDispatcher with 16 workers.
 -> (artifact id: '917964bb058bef5223ce071c4a21ca7b') in 0.031868 seconds
Number of updated asset objects reloaded before import = 0
Number of asset objects unloaded after import = 2
========================================================================
Received Import Request.
  Time since last request: 0.000017 seconds.
  path: Assets/ThirdPartyAssets/RDR/Particles/RPG Effect Pack/Texture/Light/Goodray_1.png
  artifactKey: Guid(b6151640144024248921d1430ef4eb94) Importer(815301076,1909f56bfc062723c751e8b465ee728b)
Start importing Assets/ThirdPartyAssets/RDR/Particles/RPG Effect Pack/Texture/Light/Goodray_1.png using Guid(b6151640144024248921d1430ef4eb94) Importer(815301076,1909f56bfc062723c751e8b465ee728b) [PhysX] Initialized MultithreadedTaskDispatcher with 16 workers.
[PhysX] Initialized MultithreadedTaskDispatcher with 16 workers.
 -> (artifact id: '53aa62c0b273c40447d1225e5104044b') in 0.012906 seconds
Number of updated asset objects reloaded before import = 0
Number of asset objects unloaded after import = 2
========================================================================
Received Import Request.
  Time since last request: 0.022327 seconds.
  path: Assets/Blink/Tools/RPGBuilder/ThirdPartyAssets/RDR/Particles/RPG Effect Pack/Texture/Light/Gradient_1.png
  artifactKey: Guid(f4f535de90ec4e34180bd1b89659b687) Importer(815301076,1909f56bfc062723c751e8b465ee728b)
Start importing Assets/Blink/Tools/RPGBuilder/ThirdPartyAssets/RDR/Particles/RPG Effect Pack/Texture/Light/Gradient_1.png using Guid(f4f535de90ec4e34180bd1b89659b687) Importer(815301076,1909f56bfc062723c751e8b465ee728b) [PhysX] Initialized MultithreadedTaskDispatcher with 16 workers.
[PhysX] Initialized MultithreadedTaskDispatcher with 16 workers.
 -> (artifact id: '5a7c0163c40b771b8edfe4be68994efe') in 0.018698 seconds
Number of updated asset objects reloaded before import = 0
Number of asset objects unloaded after import = 2
========================================================================
Received Import Request.
  Time since last request: 0.123256 seconds.
  path: Assets/ThirdPartyAssets/Staggart/Stylized Grass Shader/Materials/Textures/GrassField.png
  artifactKey: Guid(8e3429b42041fc043b391dc24709c56c) Importer(815301076,1909f56bfc062723c751e8b465ee728b)
Start importing Assets/ThirdPartyAssets/Staggart/Stylized Grass Shader/Materials/Textures/GrassField.png using Guid(8e3429b42041fc043b391dc24709c56c) Importer(815301076,1909f56bfc062723c751e8b465ee728b) [PhysX] Initialized MultithreadedTaskDispatcher with 16 workers.
[PhysX] Initialized MultithreadedTaskDispatcher with 16 workers.
 -> (artifact id: 'ccc3cb9224c284c1085b010efb732714') in 0.040071 seconds
Number of updated asset objects reloaded before import = 0
Number of asset objects unloaded after import = 2
========================================================================
Received Import Request.
  Time since last request: 0.017266 seconds.
  path: Assets/Blink/Tools/RPGBuilder/ThirdPartyAssets/Staggart/Stylized Grass Shader/Materials/Textures/GrassTall.png
  artifactKey: Guid(c1e4e86e9e93c3d4aa7b438386aba029) Importer(815301076,1909f56bfc062723c751e8b465ee728b)
Start importing Assets/Blink/Tools/RPGBuilder/ThirdPartyAssets/Staggart/Stylized Grass Shader/Materials/Textures/GrassTall.png using Guid(c1e4e86e9e93c3d4aa7b438386aba029) Importer(815301076,1909f56bfc062723c751e8b465ee728b) [PhysX] Initialized MultithreadedTaskDispatcher with 16 workers.
[PhysX] Initialized MultithreadedTaskDispatcher with 16 workers.
 -> (artifact id: '61974440fafc7b589fea54a0e8555a3c') in 0.016411 seconds
Number of updated asset objects reloaded before import = 0
Number of asset objects unloaded after import = 2
========================================================================
Received Import Request.
  Time since last request: 0.000018 seconds.
  path: Assets/Standard Assets/Effects/Projectors/Textures/Grid.psd
  artifactKey: Guid(529239097d02f9f42b0ddd436c6fcbb0) Importer(815301076,1909f56bfc062723c751e8b465ee728b)
Start importing Assets/Standard Assets/Effects/Projectors/Textures/Grid.psd using Guid(529239097d02f9f42b0ddd436c6fcbb0) Importer(815301076,1909f56bfc062723c751e8b465ee728b) [PhysX] Initialized MultithreadedTaskDispatcher with 16 workers.
[PhysX] Initialized MultithreadedTaskDispatcher with 16 workers.
 -> (artifact id: '54c41edaaa53226ad864fdb8defb413f') in 0.022670 seconds
Number of updated asset objects reloaded before import = 0
Number of asset objects unloaded after import = 2
========================================================================
Received Import Request.
  Time since last request: 0.713820 seconds.
  path: Assets/Blink/Tools/RPGBuilder/ThirdPartyAssets/RDR/Particles/RPG Effect Pack/Texture/Cursor/Heealth_2.psd
  artifactKey: Guid(ed96b6bff6e0caf49950dde8f9a72aff) Importer(815301076,1909f56bfc062723c751e8b465ee728b)
Start importing Assets/Blink/Tools/RPGBuilder/ThirdPartyAssets/RDR/Particles/RPG Effect Pack/Texture/Cursor/Heealth_2.psd using Guid(ed96b6bff6e0caf49950dde8f9a72aff) Importer(815301076,1909f56bfc062723c751e8b465ee728b) [PhysX] Initialized MultithreadedTaskDispatcher with 16 workers.
[PhysX] Initialized MultithreadedTaskDispatcher with 16 workers.
 -> (artifact id: '1da5291eb6b3f7fb18eba46cf0ca488b') in 0.034030 seconds
Number of updated asset objects reloaded before import = 0
Number of asset objects unloaded after import = 2
========================================================================
Received Import Request.
  Time since last request: 0.000025 seconds.
  path: Assets/Blink/Tools/RPGBuilder/ThirdPartyAssets/RDR/Particles/RPG Effect Pack/Texture/Hit/Hit_1.png
  artifactKey: Guid(e565c2fbe17ebaa46a9b2bed94e385c6) Importer(815301076,1909f56bfc062723c751e8b465ee728b)
Start importing Assets/Blink/Tools/RPGBuilder/ThirdPartyAssets/RDR/Particles/RPG Effect Pack/Texture/Hit/Hit_1.png using Guid(e565c2fbe17ebaa46a9b2bed94e385c6) Importer(815301076,1909f56bfc062723c751e8b465ee728b) [PhysX] Initialized MultithreadedTaskDispatcher with 16 workers.
[PhysX] Initialized MultithreadedTaskDispatcher with 16 workers.
 -> (artifact id: '2c9199abe59bbdd239c4650903978a92') in 0.015120 seconds
Number of updated asset objects reloaded before import = 0
Number of asset objects unloaded after import = 2
========================================================================
Received Import Request.
  Time since last request: 0.018949 seconds.
  path: Assets/Blink/Tools/RPGBuilder/ThirdPartyAssets/RDR/Particles/RPG Effect Pack/Texture/Hit/Hit_4.png
  artifactKey: Guid(d2fc289816a897e4192473037d7b9413) Importer(815301076,1909f56bfc062723c751e8b465ee728b)
Start importing Assets/Blink/Tools/RPGBuilder/ThirdPartyAssets/RDR/Particles/RPG Effect Pack/Texture/Hit/Hit_4.png using Guid(d2fc289816a897e4192473037d7b9413) Importer(815301076,1909f56bfc062723c751e8b465ee728b) [PhysX] Initialized MultithreadedTaskDispatcher with 16 workers.
[PhysX] Initialized MultithreadedTaskDispatcher with 16 workers.
 -> (artifact id: '4ea6382853206909d9b5fdd5f403f349') in 0.047342 seconds
Number of updated asset objects reloaded before import = 0
Number of asset objects unloaded after import = 2
========================================================================
Received Import Request.
  Time since last request: 0.307451 seconds.
  path: Assets/Blink/Tools/RPGBuilder/ThirdPartyAssets/RDR/Particles/RPG Effect Pack/Texture/Hit/Hit_10.png
  artifactKey: Guid(a6d2869e26e643447a7d9f4a5344c702) Importer(815301076,1909f56bfc062723c751e8b465ee728b)
Start importing Assets/Blink/Tools/RPGBuilder/ThirdPartyAssets/RDR/Particles/RPG Effect Pack/Texture/Hit/Hit_10.png using Guid(a6d2869e26e643447a7d9f4a5344c702) Importer(815301076,1909f56bfc062723c751e8b465ee728b) [PhysX] Initialized MultithreadedTaskDispatcher with 16 workers.
[PhysX] Initialized MultithreadedTaskDispatcher with 16 workers.
 -> (artifact id: '97b152339786e32c0ab2a34bda2c58e8') in 0.054714 seconds
Number of updated asset objects reloaded before import = 0
Number of asset objects unloaded after import = 2
========================================================================
Received Import Request.
  Time since last request: 0.000018 seconds.
  path: Assets/Blink/Tools/RPGBuilder/ThirdPartyAssets/RDR/Particles/RPG Effect Pack/Texture/Hit/Hit_13.png
  artifactKey: Guid(456b0eb0ae7da354b898ecb1afe8ab5a) Importer(815301076,1909f56bfc062723c751e8b465ee728b)
Start importing Assets/Blink/Tools/RPGBuilder/ThirdPartyAssets/RDR/Particles/RPG Effect Pack/Texture/Hit/Hit_13.png using Guid(456b0eb0ae7da354b898ecb1afe8ab5a) Importer(815301076,1909f56bfc062723c751e8b465ee728b) [PhysX] Initialized MultithreadedTaskDispatcher with 16 workers.
[PhysX] Initialized MultithreadedTaskDispatcher with 16 workers.
 -> (artifact id: '37be699e2ddddf8aeebdbb75494c5a06') in 0.010894 seconds
Number of updated asset objects reloaded before import = 0
Number of asset objects unloaded after import = 2
========================================================================
Received Import Request.
  Time since last request: 3.789443 seconds.
  path: Assets/Blink/Tools/RPGBuilder/ThirdPartyAssets/RDR/Particles/RPG Effect Pack/Texture/Laser/Laser_4.png
  artifactKey: Guid(10d834c349ed53f4c83860bda090200a) Importer(815301076,1909f56bfc062723c751e8b465ee728b)
Start importing Assets/Blink/Tools/RPGBuilder/ThirdPartyAssets/RDR/Particles/RPG Effect Pack/Texture/Laser/Laser_4.png using Guid(10d834c349ed53f4c83860bda090200a) Importer(815301076,1909f56bfc062723c751e8b465ee728b) [PhysX] Initialized MultithreadedTaskDispatcher with 16 workers.
[PhysX] Initialized MultithreadedTaskDispatcher with 16 workers.
 -> (artifact id: '6c4be165c3cde769ae171fc71b0fcab3') in 0.011021 seconds
Number of updated asset objects reloaded before import = 0
Number of asset objects unloaded after import = 2
========================================================================
Received Import Request.
  Time since last request: 0.186687 seconds.
  path: Assets/Standard Assets/Effects/LightCookies/Textures/LightSoftCookie.tif
  artifactKey: Guid(8caa437b19957a045866b84c6218a0db) Importer(815301076,1909f56bfc062723c751e8b465ee728b)
Start importing Assets/Standard Assets/Effects/LightCookies/Textures/LightSoftCookie.tif using Guid(8caa437b19957a045866b84c6218a0db) Importer(815301076,1909f56bfc062723c751e8b465ee728b) [PhysX] Initialized MultithreadedTaskDispatcher with 16 workers.
[PhysX] Initialized MultithreadedTaskDispatcher with 16 workers.
 -> (artifact id: '85c485c51cd68997808fa839aad90231') in 0.018297 seconds
Number of updated asset objects reloaded before import = 0
Number of asset objects unloaded after import = 2
========================================================================
Received Import Request.
  Time since last request: 0.000024 seconds.
  path: Assets/ThirdPartyAssets/RDR/Particles/Aura Particle/Textures/Line_3.png
  artifactKey: Guid(d4bdb8ff100d815419c7d4a424ea707b) Importer(815301076,1909f56bfc062723c751e8b465ee728b)
Start importing Assets/ThirdPartyAssets/RDR/Particles/Aura Particle/Textures/Line_3.png using Guid(d4bdb8ff100d815419c7d4a424ea707b) Importer(815301076,1909f56bfc062723c751e8b465ee728b) [PhysX] Initialized MultithreadedTaskDispatcher with 16 workers.
[PhysX] Initialized MultithreadedTaskDispatcher with 16 workers.
 -> (artifact id: '5baecd9d10387aa69cd12fb590554d29') in 0.014673 seconds
Number of updated asset objects reloaded before import = 0
Number of asset objects unloaded after import = 2
========================================================================
Received Import Request.
  Time since last request: 1.102541 seconds.
  path: Assets/Blink/Tools/RPGBuilder/ThirdPartyAssets/RDR/Particles/RPG Effect Pack/Texture/Line/Line_10.png
  artifactKey: Guid(e8d74167f482fcb40995610a6175a529) Importer(815301076,1909f56bfc062723c751e8b465ee728b)
Start importing Assets/Blink/Tools/RPGBuilder/ThirdPartyAssets/RDR/Particles/RPG Effect Pack/Texture/Line/Line_10.png using Guid(e8d74167f482fcb40995610a6175a529) Importer(815301076,1909f56bfc062723c751e8b465ee728b) [PhysX] Initialized MultithreadedTaskDispatcher with 16 workers.
[PhysX] Initialized MultithreadedTaskDispatcher with 16 workers.
 -> (artifact id: '080e677dd8a3a8f48a60b0ef79a65432') in 0.012551 seconds
Number of updated asset objects reloaded before import = 0
Number of asset objects unloaded after import = 2
========================================================================
Received Import Request.
  Time since last request: 1.217109 seconds.
  path: Assets/Blink/Tools/RPGBuilder/Art/BlinkVFX/Textures/mask3.png
  artifactKey: Guid(67f58b8409701894a8bf6cd4e6140480) Importer(815301076,1909f56bfc062723c751e8b465ee728b)
Start importing Assets/Blink/Tools/RPGBuilder/Art/BlinkVFX/Textures/mask3.png using Guid(67f58b8409701894a8bf6cd4e6140480) Importer(815301076,1909f56bfc062723c751e8b465ee728b) [PhysX] Initialized MultithreadedTaskDispatcher with 16 workers.
[PhysX] Initialized MultithreadedTaskDispatcher with 16 workers.
 -> (artifact id: 'd63508f3d5f8b4a2e7036460675f69d1') in 0.023693 seconds
Number of updated asset objects reloaded before import = 0
Number of asset objects unloaded after import = 2
========================================================================
Received Import Request.
  Time since last request: 10.768285 seconds.
  path: Assets/ThirdPartyAssets/RDR/Particles/RPG Effect Pack/Texture/Portal_Teleport/Portal_Variant_1.png
  artifactKey: Guid(81b4cad7426602944911112293ff7d90) Importer(815301076,1909f56bfc062723c751e8b465ee728b)
Start importing Assets/ThirdPartyAssets/RDR/Particles/RPG Effect Pack/Texture/Portal_Teleport/Portal_Variant_1.png using Guid(81b4cad7426602944911112293ff7d90) Importer(815301076,1909f56bfc062723c751e8b465ee728b) [PhysX] Initialized MultithreadedTaskDispatcher with 16 workers.
[PhysX] Initialized MultithreadedTaskDispatcher with 16 workers.
 -> (artifact id: '397a380a0a935fe03a4c324614708e34') in 0.018169 seconds
Number of updated asset objects reloaded before import = 0
Number of asset objects unloaded after import = 2
========================================================================
Received Import Request.
  Time since last request: 0.067029 seconds.
  path: Assets/ThirdPartyAssets/Polytope Studio/Environment2/Textures/PT_Marigold_01.png
  artifactKey: Guid(dc696ba111631a94b90da7d0ebcd7d1e) Importer(815301076,1909f56bfc062723c751e8b465ee728b)
Start importing Assets/ThirdPartyAssets/Polytope Studio/Environment2/Textures/PT_Marigold_01.png using Guid(dc696ba111631a94b90da7d0ebcd7d1e) Importer(815301076,1909f56bfc062723c751e8b465ee728b) [PhysX] Initialized MultithreadedTaskDispatcher with 16 workers.
[PhysX] Initialized MultithreadedTaskDispatcher with 16 workers.
 -> (artifact id: '52546c92ef265419d9201f4e470abda3') in 0.012585 seconds
Number of updated asset objects reloaded before import = 0
Number of asset objects unloaded after import = 2
========================================================================
Received Import Request.
  Time since last request: 0.384798 seconds.
  path: Assets/Blink/Tools/RPGBuilder/ThirdPartyAssets/Polytope Studio/Environment/Textures/PT_Medieval_Grass_01.png
  artifactKey: Guid(4ff20847a3416854f8ef5b193af94e49) Importer(815301076,1909f56bfc062723c751e8b465ee728b)
Start importing Assets/Blink/Tools/RPGBuilder/ThirdPartyAssets/Polytope Studio/Environment/Textures/PT_Medieval_Grass_01.png using Guid(4ff20847a3416854f8ef5b193af94e49) Importer(815301076,1909f56bfc062723c751e8b465ee728b) [PhysX] Initialized MultithreadedTaskDispatcher with 16 workers.
[PhysX] Initialized MultithreadedTaskDispatcher with 16 workers.
 -> (artifact id: '4ac71dfff06d17c8548750387fb5e06f') in 0.016974 seconds
Number of updated asset objects reloaded before import = 0
Number of asset objects unloaded after import = 2
========================================================================
Received Import Request.
  Time since last request: 0.006900 seconds.
  path: Assets/Blink/Tools/RPGBuilder/ThirdPartyAssets/Polytope Studio/Environment/Textures/PT_Medieval_Grass_04.png
  artifactKey: Guid(71ff02cda8b618d408e7a893dcc5bd4c) Importer(815301076,1909f56bfc062723c751e8b465ee728b)
Start importing Assets/Blink/Tools/RPGBuilder/ThirdPartyAssets/Polytope Studio/Environment/Textures/PT_Medieval_Grass_04.png using Guid(71ff02cda8b618d408e7a893dcc5bd4c) Importer(815301076,1909f56bfc062723c751e8b465ee728b) [PhysX] Initialized MultithreadedTaskDispatcher with 16 workers.
[PhysX] Initialized MultithreadedTaskDispatcher with 16 workers.
 -> (artifact id: 'fd55bfbe294399719c4027bc787e4306') in 0.027266 seconds
Number of updated asset objects reloaded before import = 0
Number of asset objects unloaded after import = 2
========================================================================
Received Import Request.
  Time since last request: 2.712091 seconds.
  path: Assets/Blink/Tools/RPGBuilder/ThirdPartyAssets/Polytope Studio/Environment/Textures/PT_Medieval_texture.tga
  artifactKey: Guid(a328ef499f807304098fa10a639db73a) Importer(815301076,1909f56bfc062723c751e8b465ee728b)
Start importing Assets/Blink/Tools/RPGBuilder/ThirdPartyAssets/Polytope Studio/Environment/Textures/PT_Medieval_texture.tga using Guid(a328ef499f807304098fa10a639db73a) Importer(815301076,1909f56bfc062723c751e8b465ee728b) [PhysX] Initialized MultithreadedTaskDispatcher with 16 workers.
[PhysX] Initialized MultithreadedTaskDispatcher with 16 workers.
 -> (artifact id: 'b4f410a6793ff07403949d75d749e196') in 0.004977 seconds
Number of updated asset objects reloaded before import = 0
Number of asset objects unloaded after import = 2
========================================================================
Received Import Request.
  Time since last request: 0.003129 seconds.
  path: Assets/ThirdPartyAssets/Polytope Studio/Environment/Textures/PT_Medieval_texture_W_Alpha.tga
  artifactKey: Guid(5471e318795f2fd43a24ea6c5bd132ce) Importer(815301076,1909f56bfc062723c751e8b465ee728b)
Start importing Assets/ThirdPartyAssets/Polytope Studio/Environment/Textures/PT_Medieval_texture_W_Alpha.tga using Guid(5471e318795f2fd43a24ea6c5bd132ce) Importer(815301076,1909f56bfc062723c751e8b465ee728b) [PhysX] Initialized MultithreadedTaskDispatcher with 16 workers.
[PhysX] Initialized MultithreadedTaskDispatcher with 16 workers.
 -> (artifact id: '9b4b5878ba07a8cb47b89025c2c3246c') in 0.017228 seconds
Number of updated asset objects reloaded before import = 0
Number of asset objects unloaded after import = 2
========================================================================
Received Import Request.
  Time since last request: 1.806291 seconds.
  path: Assets/Blink/Tools/RPGBuilder/ThirdPartyAssets/RDR/Particles/RPG Effect Pack/Texture/Portal_Teleport/Ring_3.png
  artifactKey: Guid(2fcba15ad40edc6458e77666e2780b28) Importer(815301076,1909f56bfc062723c751e8b465ee728b)
Start importing Assets/Blink/Tools/RPGBuilder/ThirdPartyAssets/RDR/Particles/RPG Effect Pack/Texture/Portal_Teleport/Ring_3.png using Guid(2fcba15ad40edc6458e77666e2780b28) Importer(815301076,1909f56bfc062723c751e8b465ee728b) [PhysX] Initialized MultithreadedTaskDispatcher with 16 workers.
[PhysX] Initialized MultithreadedTaskDispatcher with 16 workers.
 -> (artifact id: 'bd305ef918f33a0baf13ab300d08cd5a') in 0.015888 seconds
Number of updated asset objects reloaded before import = 0
Number of asset objects unloaded after import = 2
========================================================================
Received Import Request.
  Time since last request: 0.007837 seconds.
  path: Assets/Blink/Tools/RPGBuilder/Art/BlinkStylizedTextures/Rocks_1/Rocks_1_BaseColor.png
  artifactKey: Guid(715af382e751d7540ba69ca51d7a4214) Importer(815301076,1909f56bfc062723c751e8b465ee728b)
Start importing Assets/Blink/Tools/RPGBuilder/Art/BlinkStylizedTextures/Rocks_1/Rocks_1_BaseColor.png using Guid(715af382e751d7540ba69ca51d7a4214) Importer(815301076,1909f56bfc062723c751e8b465ee728b) [PhysX] Initialized MultithreadedTaskDispatcher with 16 workers.
[PhysX] Initialized MultithreadedTaskDispatcher with 16 workers.
 -> (artifact id: '8575e03b56aff96217016be940a96007') in 0.014120 seconds
Number of updated asset objects reloaded before import = 0
Number of asset objects unloaded after import = 2
========================================================================
Received Import Request.
  Time since last request: 2.720852 seconds.
  path: Assets/ThirdPartyAssets/RDR/Particles/RPG Effect Pack/Texture/Cursor/Sing.psd
  artifactKey: Guid(b1e25664db343df4b8115c8504708ce0) Importer(815301076,1909f56bfc062723c751e8b465ee728b)
Start importing Assets/ThirdPartyAssets/RDR/Particles/RPG Effect Pack/Texture/Cursor/Sing.psd using Guid(b1e25664db343df4b8115c8504708ce0) Importer(815301076,1909f56bfc062723c751e8b465ee728b) [PhysX] Initialized MultithreadedTaskDispatcher with 16 workers.
[PhysX] Initialized MultithreadedTaskDispatcher with 16 workers.
 -> (artifact id: '7de1805860c954b6b102da8ba68f4967') in 0.011442 seconds
Number of updated asset objects reloaded before import = 0
Number of asset objects unloaded after import = 2
========================================================================
Received Import Request.
  Time since last request: 2.004009 seconds.
  path: Assets/ThirdPartyAssets/RDR/Particles/RPG Effect Pack/Texture/Slash/Slash_3.png
  artifactKey: Guid(af336c558156e4543a6bc11af63d33c8) Importer(815301076,1909f56bfc062723c751e8b465ee728b)
Start importing Assets/ThirdPartyAssets/RDR/Particles/RPG Effect Pack/Texture/Slash/Slash_3.png using Guid(af336c558156e4543a6bc11af63d33c8) Importer(815301076,1909f56bfc062723c751e8b465ee728b) [PhysX] Initialized MultithreadedTaskDispatcher with 16 workers.
[PhysX] Initialized MultithreadedTaskDispatcher with 16 workers.
 -> (artifact id: '3880273ec966f06a967b8cf4723aecdc') in 0.015232 seconds
Number of updated asset objects reloaded before import = 0
Number of asset objects unloaded after import = 2
========================================================================
Received Import Request.
  Time since last request: 0.000017 seconds.
  path: Assets/ThirdPartyAssets/RDR/Particles/RPG Effect Pack/Texture/Slash/Slash_5.png
  artifactKey: Guid(e54b65f26a3d87d4486ec7bc93ebd5b5) Importer(815301076,1909f56bfc062723c751e8b465ee728b)
Start importing Assets/ThirdPartyAssets/RDR/Particles/RPG Effect Pack/Texture/Slash/Slash_5.png using Guid(e54b65f26a3d87d4486ec7bc93ebd5b5) Importer(815301076,1909f56bfc062723c751e8b465ee728b) [PhysX] Initialized MultithreadedTaskDispatcher with 16 workers.
[PhysX] Initialized MultithreadedTaskDispatcher with 16 workers.
 -> (artifact id: '53cb6a2507afa1df95aee80af6849b8a') in 0.029120 seconds
Number of updated asset objects reloaded before import = 0
Number of asset objects unloaded after import = 2
========================================================================
Received Import Request.
  Time since last request: 2.029761 seconds.
  path: Assets/Blink/Tools/RPGBuilder/ThirdPartyAssets/RDR/Particles/RPG Effect Pack/Texture/Light/Sphere_2.png
  artifactKey: Guid(08665eb0d34026244adf33965bb6b6e4) Importer(815301076,1909f56bfc062723c751e8b465ee728b)
Start importing Assets/Blink/Tools/RPGBuilder/ThirdPartyAssets/RDR/Particles/RPG Effect Pack/Texture/Light/Sphere_2.png using Guid(08665eb0d34026244adf33965bb6b6e4) Importer(815301076,1909f56bfc062723c751e8b465ee728b) [PhysX] Initialized MultithreadedTaskDispatcher with 16 workers.
[PhysX] Initialized MultithreadedTaskDispatcher with 16 workers.
 -> (artifact id: 'cce2d4db883c70e8a813c2f261d07d81') in 0.014511 seconds
Number of updated asset objects reloaded before import = 0
Number of asset objects unloaded after import = 2
========================================================================
Received Import Request.
  Time since last request: 0.935627 seconds.
  path: Assets/SampleScenes/Textures/SwatchMauveAlbedo.png
  artifactKey: Guid(27c9d88e434ddf14aab2263729d96588) Importer(815301076,1909f56bfc062723c751e8b465ee728b)
Start importing Assets/SampleScenes/Textures/SwatchMauveAlbedo.png using Guid(27c9d88e434ddf14aab2263729d96588) Importer(815301076,1909f56bfc062723c751e8b465ee728b) [PhysX] Initialized MultithreadedTaskDispatcher with 16 workers.
[PhysX] Initialized MultithreadedTaskDispatcher with 16 workers.
 -> (artifact id: '3c84ca6e48a078fd960a5ba4bfe55d9e') in 0.042278 seconds
Number of updated asset objects reloaded before import = 0
Number of asset objects unloaded after import = 2
========================================================================
Received Import Request.
  Time since last request: 0.005525 seconds.
  path: Assets/SampleScenes/Textures/SwatchNavyDarkAlbedo.png
  artifactKey: Guid(b64756a3fbf7f7e42b02aa3aa8669374) Importer(815301076,1909f56bfc062723c751e8b465ee728b)
Start importing Assets/SampleScenes/Textures/SwatchNavyDarkAlbedo.png using Guid(b64756a3fbf7f7e42b02aa3aa8669374) Importer(815301076,1909f56bfc062723c751e8b465ee728b) [PhysX] Initialized MultithreadedTaskDispatcher with 16 workers.
[PhysX] Initialized MultithreadedTaskDispatcher with 16 workers.
 -> (artifact id: 'e6c0b72fb1fbea5a8ad318c548c224b1') in 0.011252 seconds
Number of updated asset objects reloaded before import = 0
Number of asset objects unloaded after import = 2
========================================================================
Received Import Request.
  Time since last request: 0.002443 seconds.
  path: Assets/SampleScenes/Textures/SwatchPinkAlbedo.png
  artifactKey: Guid(e573d986e51134d48b79cf2761ab65b4) Importer(815301076,1909f56bfc062723c751e8b465ee728b)
Start importing Assets/SampleScenes/Textures/SwatchPinkAlbedo.png using Guid(e573d986e51134d48b79cf2761ab65b4) Importer(815301076,1909f56bfc062723c751e8b465ee728b) [PhysX] Initialized MultithreadedTaskDispatcher with 16 workers.
[PhysX] Initialized MultithreadedTaskDispatcher with 16 workers.
 -> (artifact id: '5810753ad4548800f470ebc44c2b910c') in 0.010809 seconds
Number of updated asset objects reloaded before import = 0
Number of asset objects unloaded after import = 2
========================================================================
Received Import Request.
  Time since last request: 0.027929 seconds.
  path: Assets/SampleScenes/Textures/SwatchWhiteAlbedo.png
  artifactKey: Guid(c798603beb3c1fc4a96620cf6b35cc32) Importer(815301076,1909f56bfc062723c751e8b465ee728b)
Start importing Assets/SampleScenes/Textures/SwatchWhiteAlbedo.png using Guid(c798603beb3c1fc4a96620cf6b35cc32) Importer(815301076,1909f56bfc062723c751e8b465ee728b) [PhysX] Initialized MultithreadedTaskDispatcher with 16 workers.
[PhysX] Initialized MultithreadedTaskDispatcher with 16 workers.
 -> (artifact id: 'f91c366aa3e230f5ea258b0598f211aa') in 0.011333 seconds
Number of updated asset objects reloaded before import = 0
Number of asset objects unloaded after import = 2
========================================================================
Received Import Request.
  Time since last request: 0.018601 seconds.
  path: Assets/Blink/Tools/RPGBuilder/ThirdPartyAssets/RDR/Particles/RPG Effect Pack/Texture/Cursor/Sword.psd
  artifactKey: Guid(c9c5cfb71eb6da745b8d0c5a8cc46749) Importer(815301076,1909f56bfc062723c751e8b465ee728b)
Start importing Assets/Blink/Tools/RPGBuilder/ThirdPartyAssets/RDR/Particles/RPG Effect Pack/Texture/Cursor/Sword.psd using Guid(c9c5cfb71eb6da745b8d0c5a8cc46749) Importer(815301076,1909f56bfc062723c751e8b465ee728b) [PhysX] Initialized MultithreadedTaskDispatcher with 16 workers.
[PhysX] Initialized MultithreadedTaskDispatcher with 16 workers.
 -> (artifact id: '3a53e4e403465a38a234ab8e8504da8b') in 0.032573 seconds
Number of updated asset objects reloaded before import = 0
Number of asset objects unloaded after import = 2
========================================================================
Received Import Request.
  Time since last request: 0.813454 seconds.
  path: Assets/Blink/Tools/RPGBuilder/ThirdPartyAssets/RDR/Particles/RPG Effect Pack/Texture/Portal_Teleport/Teleport_2.png
  artifactKey: Guid(1e9d94dbe80f3904bbe3a267605e4537) Importer(815301076,1909f56bfc062723c751e8b465ee728b)
Start importing Assets/Blink/Tools/RPGBuilder/ThirdPartyAssets/RDR/Particles/RPG Effect Pack/Texture/Portal_Teleport/Teleport_2.png using Guid(1e9d94dbe80f3904bbe3a267605e4537) Importer(815301076,1909f56bfc062723c751e8b465ee728b) [PhysX] Initialized MultithreadedTaskDispatcher with 16 workers.
[PhysX] Initialized MultithreadedTaskDispatcher with 16 workers.
 -> (artifact id: '911985830a30b922b76a7173b52f802a') in 0.058090 seconds
Number of updated asset objects reloaded before import = 0
Number of asset objects unloaded after import = 2
========================================================================
Received Import Request.
  Time since last request: 2.032647 seconds.
  path: Assets/Blink/Tools/RPGBuilder/ThirdPartyAssets/TitanForge Assets/TitanForge Sample Pack/Materials/TitanForge_ColorAtlas_Sample_08.png
  artifactKey: Guid(c156bc61d8c0a6c45b3f11be700abf89) Importer(815301076,1909f56bfc062723c751e8b465ee728b)
Start importing Assets/Blink/Tools/RPGBuilder/ThirdPartyAssets/TitanForge Assets/TitanForge Sample Pack/Materials/TitanForge_ColorAtlas_Sample_08.png using Guid(c156bc61d8c0a6c45b3f11be700abf89) Importer(815301076,1909f56bfc062723c751e8b465ee728b) [PhysX] Initialized MultithreadedTaskDispatcher with 16 workers.
[PhysX] Initialized MultithreadedTaskDispatcher with 16 workers.
 -> (artifact id: 'c03a1af404681a149b0df0a2a9f9dbad') in 0.015195 seconds
Number of updated asset objects reloaded before import = 0
Number of asset objects unloaded after import = 2
========================================================================
Received Import Request.
  Time since last request: 1.943993 seconds.
  path: Assets/Standard Assets/Environment/Water (Basic)/Textures/WaterBasicNighttimeGradient.psd
  artifactKey: Guid(8403d3349d112ba4d000be1be39e7c39) Importer(815301076,1909f56bfc062723c751e8b465ee728b)
Start importing Assets/Standard Assets/Environment/Water (Basic)/Textures/WaterBasicNighttimeGradient.psd using Guid(8403d3349d112ba4d000be1be39e7c39) Importer(815301076,1909f56bfc062723c751e8b465ee728b) [PhysX] Initialized MultithreadedTaskDispatcher with 16 workers.
[PhysX] Initialized MultithreadedTaskDispatcher with 16 workers.
 -> (artifact id: '5a9964008d1f4ae4a32c801fb7a5d52b') in 0.011626 seconds
Number of updated asset objects reloaded before import = 0
Number of asset objects unloaded after import = 2
Editor requested this worker to shutdown with reason: Scaling down because of idle timeout
TcpMessagingSession - receive error: operation aborted. errorcode: 995, details: The I/O operation has been aborted because of either a thread exit or an application request.
AssetImportWorker is now disconnected from the server
Process exiting
Exiting without the bug reporter. Application will terminate with return code 0