Using pre-set license
Built from '2022.3/release' branch; Version is '2022.3.61f1 (6c53ebaf375d) revision 7099371'; Using compiler version '192829333'; Build Type 'Release'
OS: 'Windows 10  (10.0.19045) 64bit Professional' Language: 'en' Physical Memory: 15742 MB
BatchMode: 1, IsHumanControllingUs: 0, StartBugReporterOnCrash: 0, Is64bit: 1, IsPro: 1

COMMAND LINE ARGUMENTS:
C:\Program Files\Unity\Hub\Editor\2022.3.61f1\Editor\Unity.exe
-adb2
-batchMode
-noUpm
-name
AssetImportWorker21
-projectPath
C:/Users/tigaw/Unity Files/Program_Skripsi
-logFile
Logs/AssetImportWorker21.log
-srvPort
53410
Successfully changed project path to: C:/Users/tigaw/Unity Files/Program_Skripsi
C:/Users/tigaw/Unity Files/Program_Skripsi
[UnityMemory] Configuration Parameters - Can be set up in boot.config
    "memorysetup-bucket-allocator-granularity=16"
    "memorysetup-bucket-allocator-bucket-count=8"
    "memorysetup-bucket-allocator-block-size=33554432"
    "memorysetup-bucket-allocator-block-count=8"
    "memorysetup-main-allocator-block-size=16777216"
    "memorysetup-thread-allocator-block-size=16777216"
    "memorysetup-gfx-main-allocator-block-size=16777216"
    "memorysetup-gfx-thread-allocator-block-size=16777216"
    "memorysetup-cache-allocator-block-size=4194304"
    "memorysetup-typetree-allocator-block-size=2097152"
    "memorysetup-profiler-bucket-allocator-granularity=16"
    "memorysetup-profiler-bucket-allocator-bucket-count=8"
    "memorysetup-profiler-bucket-allocator-block-size=33554432"
    "memorysetup-profiler-bucket-allocator-block-count=8"
    "memorysetup-profiler-allocator-block-size=16777216"
    "memorysetup-profiler-editor-allocator-block-size=1048576"
    "memorysetup-temp-allocator-size-main=16777216"
    "memorysetup-job-temp-allocator-block-size=2097152"
    "memorysetup-job-temp-allocator-block-size-background=1048576"
    "memorysetup-job-temp-allocator-reduction-small-platforms=262144"
    "memorysetup-allocator-temp-initial-block-size-main=262144"
    "memorysetup-allocator-temp-initial-block-size-worker=262144"
    "memorysetup-temp-allocator-size-background-worker=32768"
    "memorysetup-temp-allocator-size-job-worker=262144"
    "memorysetup-temp-allocator-size-preload-manager=33554432"
    "memorysetup-temp-allocator-size-nav-mesh-worker=65536"
    "memorysetup-temp-allocator-size-audio-worker=65536"
    "memorysetup-temp-allocator-size-cloud-worker=32768"
    "memorysetup-temp-allocator-size-gi-baking-worker=262144"
    "memorysetup-temp-allocator-size-gfx=262144"
Player connection [20996]  Target information:

Player connection [20996]  * "[IP] 192.168.100.24 [Port] 0 [Flags] 2 [Guid] 339511390 [EditorId] 339511390 [Version] 1048832 [Id] WindowsEditor(7,DESKTOP-TI38AGV) [Debug] 1 [PackageName] WindowsEditor [ProjectName] Editor" 

Player connection [20996] Host joined multi-casting on [225.0.0.222:54997]...
Player connection [20996] Host joined alternative multi-casting on [225.0.0.222:34997]...
Input System module state changed to: Initialized.
[PhysX] Initialized MultithreadedTaskDispatcher with 16 workers.
Refreshing native plugins compatible for Editor in 7.25 ms, found 3 plugins.
Preloading 0 native plugins for Editor in 0.00 ms.
Initialize engine version: 2022.3.61f1 (6c53ebaf375d)
[Subsystems] Discovering subsystems at path C:/Program Files/Unity/Hub/Editor/2022.3.61f1/Editor/Data/Resources/UnitySubsystems
[Subsystems] Discovering subsystems at path C:/Users/tigaw/Unity Files/Program_Skripsi/Assets
GfxDevice: creating device client; threaded=0; jobified=0
Direct3D:
    Version:  Direct3D 11.0 [level 11.1]
    Renderer: NVIDIA GeForce GTX 960 (ID=0x1401)
    Vendor:   NVIDIA
    VRAM:     4040 MB
    Driver:   32.0.15.8088
Initialize mono
Mono path[0] = 'C:/Program Files/Unity/Hub/Editor/2022.3.61f1/Editor/Data/Managed'
Mono path[1] = 'C:/Program Files/Unity/Hub/Editor/2022.3.61f1/Editor/Data/MonoBleedingEdge/lib/mono/unityjit-win32'
Mono config path = 'C:/Program Files/Unity/Hub/Editor/2022.3.61f1/Editor/Data/MonoBleedingEdge/etc'
Using monoOptions --debugger-agent=transport=dt_socket,embedding=1,server=y,suspend=n,address=127.0.0.1:56912
Begin MonoManager ReloadAssembly
Registering precompiled unity dll's ...
Register platform support module: C:/Program Files/Unity/Hub/Editor/2022.3.61f1/Editor/Data/PlaybackEngines/WebGLSupport/UnityEditor.WebGL.Extensions.dll
Register platform support module: C:/Program Files/Unity/Hub/Editor/2022.3.61f1/Editor/Data/PlaybackEngines/AndroidPlayer/UnityEditor.Android.Extensions.dll
Register platform support module: C:/Program Files/Unity/Hub/Editor/2022.3.61f1/Editor/Data/PlaybackEngines/iOSSupport/UnityEditor.iOS.Extensions.dll
Register platform support module: C:/Program Files/Unity/Hub/Editor/2022.3.61f1/Editor/Data/PlaybackEngines/WindowsStandaloneSupport/UnityEditor.WindowsStandalone.Extensions.dll
Register platform support module: C:/Program Files/Unity/Hub/Editor/2022.3.61f1/Editor/Data/PlaybackEngines/MetroSupport/UnityEditor.UWP.Extensions.dll
Registered in 0.012871 seconds.
- Loaded All Assemblies, in  0.305 seconds
Native extension for UWP target not found
Native extension for WindowsStandalone target not found
[usbmuxd] Start listen thread
[usbmuxd] Listen thread started
Native extension for iOS target not found
Native extension for Android target not found
Android Extension - Scanning For ADB Devices 234 ms
Native extension for WebGL target not found
Mono: successfully reloaded assembly
- Finished resetting the current domain, in  0.491 seconds
Domain Reload Profiling: 795ms
	BeginReloadAssembly (87ms)
		ExecutionOrderSort (0ms)
		DisableScriptedObjects (0ms)
		BackupInstance (0ms)
		ReleaseScriptingObjects (0ms)
		CreateAndSetChildDomain (1ms)
	RebuildCommonClasses (28ms)
	RebuildNativeTypeToScriptingClass (8ms)
	initialDomainReloadingComplete (55ms)
	LoadAllAssembliesAndSetupDomain (124ms)
		LoadAssemblies (86ms)
		RebuildTransferFunctionScriptingTraits (0ms)
		AnalyzeDomain (122ms)
			TypeCache.Refresh (120ms)
				TypeCache.ScanAssembly (109ms)
			ScanForSourceGeneratedMonoScriptInfo (0ms)
			ResolveRequiredComponents (0ms)
	FinalizeReload (492ms)
		ReleaseScriptCaches (0ms)
		RebuildScriptCaches (0ms)
		SetupLoadedEditorAssemblies (455ms)
			LogAssemblyErrors (0ms)
			InitializePlatformSupportModulesInManaged (313ms)
			SetLoadedEditorAssemblies (4ms)
			RefreshPlugins (0ms)
			BeforeProcessingInitializeOnLoad (2ms)
			ProcessInitializeOnLoadAttributes (101ms)
			ProcessInitializeOnLoadMethodAttributes (36ms)
			AfterProcessingInitializeOnLoad (0ms)
			EditorAssembliesLoaded (0ms)
		ExecutionOrderSort2 (0ms)
		AwakeInstancesAfterBackupRestoration (0ms)
========================================================================
Worker process is ready to serve import requests
Caller must complete domain reload
Begin MonoManager ReloadAssembly
- Loaded All Assemblies, in  0.573 seconds
Native extension for UWP target not found
Native extension for WindowsStandalone target not found
Native extension for iOS target not found
Native extension for Android target not found
Native extension for WebGL target not found
Mono: successfully reloaded assembly
- Finished resetting the current domain, in  0.775 seconds
Domain Reload Profiling: 1345ms
	BeginReloadAssembly (127ms)
		ExecutionOrderSort (0ms)
		DisableScriptedObjects (5ms)
		BackupInstance (0ms)
		ReleaseScriptingObjects (0ms)
		CreateAndSetChildDomain (21ms)
	RebuildCommonClasses (27ms)
	RebuildNativeTypeToScriptingClass (8ms)
	initialDomainReloadingComplete (36ms)
	LoadAllAssembliesAndSetupDomain (373ms)
		LoadAssemblies (282ms)
		RebuildTransferFunctionScriptingTraits (0ms)
		AnalyzeDomain (164ms)
			TypeCache.Refresh (140ms)
				TypeCache.ScanAssembly (126ms)
			ScanForSourceGeneratedMonoScriptInfo (16ms)
			ResolveRequiredComponents (7ms)
	FinalizeReload (775ms)
		ReleaseScriptCaches (0ms)
		RebuildScriptCaches (0ms)
		SetupLoadedEditorAssemblies (650ms)
			LogAssemblyErrors (0ms)
			InitializePlatformSupportModulesInManaged (29ms)
			SetLoadedEditorAssemblies (3ms)
			RefreshPlugins (0ms)
			BeforeProcessingInitializeOnLoad (59ms)
			ProcessInitializeOnLoadAttributes (483ms)
			ProcessInitializeOnLoadMethodAttributes (67ms)
			AfterProcessingInitializeOnLoad (8ms)
			EditorAssembliesLoaded (0ms)
		ExecutionOrderSort2 (0ms)
		AwakeInstancesAfterBackupRestoration (5ms)
Launched and connected shader compiler UnityShaderCompiler.exe after 0.04 seconds
Refreshing native plugins compatible for Editor in 2.93 ms, found 3 plugins.
Preloading 0 native plugins for Editor in 0.00 ms.
Unloading 4087 Unused Serialized files (Serialized files now loaded: 0)
Unloading 26 unused Assets / (408.2 KB). Loaded Objects now: 4576.
Memory consumption went from 180.9 MB to 180.5 MB.
Total: 3.642000 ms (FindLiveObjects: 0.287900 ms CreateObjectMapping: 0.146300 ms MarkObjects: 2.951300 ms  DeleteObjects: 0.255600 ms)

AssetImportParameters requested are different than current active one (requested -> active):
  custom:scripting/monoscript/fileName/MainMenu.cs: c093076ba5753d7bec74a8a751ffb653 -> 
  custom:container-demuxer-ogg: 62fdf1f143b41e24485cea50d1cbac27 -> 
  custom:video-decoder-ogg-theora: a1e56fd34408186e4bbccfd4996cb3dc -> 
  custom:framework-win-MediaFoundation: 216162199b28c13a410421893ffa2e32 -> 
  custom:CustomObjectIndexerAttribute: 9a22284fe3817be447336de3de66b15e -> 
  custom:container-demuxer-webm: 4f35f7cbe854078d1ac9338744f61a02 -> 
  custom:container-muxer-webm: aa71ff27fc2769a1b78a27578f13a17b -> 
  custom:video-decoder-webm-vp8: 9c59270c3fd7afecdb556c50c9e8de78 -> 
  custom:SearchIndexIgnoredProperties: e643bd26f0fe6173181afceb89e7c659 -> 
  custom:AudioImporter_EditorPlatform: d09bf68614088b80899f8185d706f6e7 -> 
  custom:scripting/monoscript/fileName/HowToPlayer.cs: dfbf507b638936ed9f55f04747b3b2dd -> 
  custom:video-encoder-webm-vp8: eb34c28f22e8b96e1ab97ce403110664 -> 
  custom:audio-decoder-ogg-vorbis: bf7c407c2cedff20999df2af8eb42d56 -> 
  custom:audio-encoder-webm-vorbis: bf7c407c2cedff20999df2af8eb42d56 -> 
========================================================================
Received Import Request.
  Time since last request: 2006868.318417 seconds.
  path: Assets/Blink/Tools/RPGBuilder/ThirdPartyAssets/MalbersAnimations/Images
  artifactKey: Guid(d3469ece308f07a4198084e63f5707c4) Importer(815301076,1909f56bfc062723c751e8b465ee728b)
Start importing Assets/Blink/Tools/RPGBuilder/ThirdPartyAssets/MalbersAnimations/Images using Guid(d3469ece308f07a4198084e63f5707c4) Importer(815301076,1909f56bfc062723c751e8b465ee728b) [PhysX] Initialized MultithreadedTaskDispatcher with 16 workers.
 -> (artifact id: 'd13f51a5c6c7b2545f0e9227987ed31a') in 0.003062 seconds
Number of updated asset objects reloaded before import = 0
Number of asset objects unloaded after import = 0
========================================================================
Received Import Request.
  Time since last request: 10.161802 seconds.
  path: Assets/Blink/Tools/RPGBuilder/ThirdPartyAssets/NaughtyCharacter/Prefabs
  artifactKey: Guid(5770f34e5d6fefc42a76041c930bc2ed) Importer(815301076,1909f56bfc062723c751e8b465ee728b)
Start importing Assets/Blink/Tools/RPGBuilder/ThirdPartyAssets/NaughtyCharacter/Prefabs using Guid(5770f34e5d6fefc42a76041c930bc2ed) Importer(815301076,1909f56bfc062723c751e8b465ee728b) [PhysX] Initialized MultithreadedTaskDispatcher with 16 workers.
 -> (artifact id: 'a107675e24cb498cfb8fe917bf16228f') in 0.012346 seconds
Number of updated asset objects reloaded before import = 0
Number of asset objects unloaded after import = 0
========================================================================
Received Import Request.
  Time since last request: 0.042081 seconds.
  path: Assets/Blink/Tools/RPGBuilder/ThirdPartyAssets/NaughtyCharacter/Prefabs/PlayerInput.prefab
  artifactKey: Guid(9fc93746cd21fd242a8ba21364516c37) Importer(815301076,1909f56bfc062723c751e8b465ee728b)
Start importing Assets/Blink/Tools/RPGBuilder/ThirdPartyAssets/NaughtyCharacter/Prefabs/PlayerInput.prefab using Guid(9fc93746cd21fd242a8ba21364516c37) Importer(815301076,1909f56bfc062723c751e8b465ee728b) [PhysX] Initialized MultithreadedTaskDispatcher with 16 workers.
 -> (artifact id: 'f625d4573e78bf851806a172c232d6c4') in 0.019263 seconds
Number of updated asset objects reloaded before import = 0
Number of asset objects unloaded after import = 5
========================================================================
Received Import Request.
  Time since last request: 2.059322 seconds.
  path: Assets/Blink/Tools/RPGBuilder/ThirdPartyAssets/NaughtyCharacter/ScriptableObjects
  artifactKey: Guid(51e59693123d1f148a12440634ee79fc) Importer(815301076,1909f56bfc062723c751e8b465ee728b)
Start importing Assets/Blink/Tools/RPGBuilder/ThirdPartyAssets/NaughtyCharacter/ScriptableObjects using Guid(51e59693123d1f148a12440634ee79fc) Importer(815301076,1909f56bfc062723c751e8b465ee728b) [PhysX] Initialized MultithreadedTaskDispatcher with 16 workers.
 -> (artifact id: '82df0a8695903e6792f293c3f17def78') in 0.000511 seconds
Number of updated asset objects reloaded before import = 0
Number of asset objects unloaded after import = 0
========================================================================
Received Import Request.
  Time since last request: 6.635221 seconds.
  path: Assets/Blink/Tools/RPGBuilder/ThirdPartyAssets/NaughtyCharacter/Scripts
  artifactKey: Guid(8b67d04669dce9a4081503cea6ecb9e1) Importer(815301076,1909f56bfc062723c751e8b465ee728b)
Start importing Assets/Blink/Tools/RPGBuilder/ThirdPartyAssets/NaughtyCharacter/Scripts using Guid(8b67d04669dce9a4081503cea6ecb9e1) Importer(815301076,1909f56bfc062723c751e8b465ee728b) [PhysX] Initialized MultithreadedTaskDispatcher with 16 workers.
 -> (artifact id: '748643da27a28380f26e004ff4a61113') in 0.000554 seconds
Number of updated asset objects reloaded before import = 0
Number of asset objects unloaded after import = 0
========================================================================
Received Import Request.
  Time since last request: 5.430157 seconds.
  path: Assets/Blink/Tools/RPGBuilder/ThirdPartyAssets/Polyart/Materials
  artifactKey: Guid(be61456333ac9da48b744bbfe3ae76c3) Importer(815301076,1909f56bfc062723c751e8b465ee728b)
Start importing Assets/Blink/Tools/RPGBuilder/ThirdPartyAssets/Polyart/Materials using Guid(be61456333ac9da48b744bbfe3ae76c3) Importer(815301076,1909f56bfc062723c751e8b465ee728b) [PhysX] Initialized MultithreadedTaskDispatcher with 16 workers.
 -> (artifact id: '02469f52b0e25d1642c8951415a45547') in 0.000834 seconds
Number of updated asset objects reloaded before import = 0
Number of asset objects unloaded after import = 0
========================================================================
Received Import Request.
  Time since last request: 0.070121 seconds.
  path: Assets/Blink/Tools/RPGBuilder/ThirdPartyAssets/Polyart/Materials/M_Bushes_01.mat
  artifactKey: Guid(87d067b8a4bcc8a40a5890bed84fef41) Importer(815301076,1909f56bfc062723c751e8b465ee728b)
Start importing Assets/Blink/Tools/RPGBuilder/ThirdPartyAssets/Polyart/Materials/M_Bushes_01.mat using Guid(87d067b8a4bcc8a40a5890bed84fef41) Importer(815301076,1909f56bfc062723c751e8b465ee728b) [PhysX] Initialized MultithreadedTaskDispatcher with 16 workers.
[PhysX] Initialized MultithreadedTaskDispatcher with 16 workers.
 -> (artifact id: '413d8ad9b7d3cb3db3374e54db8de2f6') in 0.419550 seconds
Number of updated asset objects reloaded before import = 0
Number of asset objects unloaded after import = 2
========================================================================
Received Import Request.
  Time since last request: 0.000023 seconds.
  path: Assets/Blink/Tools/RPGBuilder/ThirdPartyAssets/Polyart/Materials/M_TreeBirch_Leaves.mat
  artifactKey: Guid(80bac2b3309d3d34c85971907111c725) Importer(815301076,1909f56bfc062723c751e8b465ee728b)
Start importing Assets/Blink/Tools/RPGBuilder/ThirdPartyAssets/Polyart/Materials/M_TreeBirch_Leaves.mat using Guid(80bac2b3309d3d34c85971907111c725) Importer(815301076,1909f56bfc062723c751e8b465ee728b) [PhysX] Initialized MultithreadedTaskDispatcher with 16 workers.
[PhysX] Initialized MultithreadedTaskDispatcher with 16 workers.
 -> (artifact id: 'd82d735bcf0e95b20c3f728133fce878') in 0.031685 seconds
Number of updated asset objects reloaded before import = 0
Number of asset objects unloaded after import = 2
========================================================================
Received Import Request.
  Time since last request: 0.000031 seconds.
  path: Assets/Blink/Tools/RPGBuilder/ThirdPartyAssets/Polyart/Materials/M_RockFormation_06.mat
  artifactKey: Guid(d7d4bad8b5220334bb3c0c166da903c7) Importer(815301076,1909f56bfc062723c751e8b465ee728b)
Start importing Assets/Blink/Tools/RPGBuilder/ThirdPartyAssets/Polyart/Materials/M_RockFormation_06.mat using Guid(d7d4bad8b5220334bb3c0c166da903c7) Importer(815301076,1909f56bfc062723c751e8b465ee728b) [PhysX] Initialized MultithreadedTaskDispatcher with 16 workers.
[PhysX] Initialized MultithreadedTaskDispatcher with 16 workers.
 -> (artifact id: 'bed6eaf199d2cd91f451aa164134e771') in 0.320922 seconds
Number of updated asset objects reloaded before import = 0
Number of asset objects unloaded after import = 5
========================================================================
Received Import Request.
  Time since last request: 0.000020 seconds.
  path: Assets/Blink/Tools/RPGBuilder/ThirdPartyAssets/Polyart/Materials/M_RockFormation_07.mat
  artifactKey: Guid(752f0ab65f1575e449ff74d3abbec31d) Importer(815301076,1909f56bfc062723c751e8b465ee728b)
Start importing Assets/Blink/Tools/RPGBuilder/ThirdPartyAssets/Polyart/Materials/M_RockFormation_07.mat using Guid(752f0ab65f1575e449ff74d3abbec31d) Importer(815301076,1909f56bfc062723c751e8b465ee728b) [PhysX] Initialized MultithreadedTaskDispatcher with 16 workers.
[PhysX] Initialized MultithreadedTaskDispatcher with 16 workers.
 -> (artifact id: 'c97aa6782e745a197e9abdcd76b3a0d6') in 0.027846 seconds
Number of updated asset objects reloaded before import = 0
Number of asset objects unloaded after import = 6
========================================================================
Received Import Request.
  Time since last request: 0.000029 seconds.
  path: Assets/Blink/Tools/RPGBuilder/ThirdPartyAssets/Polyart/Materials/M_RockFormation_05.mat
  artifactKey: Guid(acb9c9911a8ce304390870d088b7d4ce) Importer(815301076,1909f56bfc062723c751e8b465ee728b)
Start importing Assets/Blink/Tools/RPGBuilder/ThirdPartyAssets/Polyart/Materials/M_RockFormation_05.mat using Guid(acb9c9911a8ce304390870d088b7d4ce) Importer(815301076,1909f56bfc062723c751e8b465ee728b) [PhysX] Initialized MultithreadedTaskDispatcher with 16 workers.
[PhysX] Initialized MultithreadedTaskDispatcher with 16 workers.
 -> (artifact id: '0c361162ed2e4ce31e91784e703338ac') in 0.020722 seconds
Number of updated asset objects reloaded before import = 0
Number of asset objects unloaded after import = 4
========================================================================
Received Import Request.
  Time since last request: 0.000138 seconds.
  path: Assets/Blink/Tools/RPGBuilder/ThirdPartyAssets/Polyart/Materials/M_Bushes_Tiling_03.mat
  artifactKey: Guid(aab63e8fe75c7c74abaee820aedd09ef) Importer(815301076,1909f56bfc062723c751e8b465ee728b)
Start importing Assets/Blink/Tools/RPGBuilder/ThirdPartyAssets/Polyart/Materials/M_Bushes_Tiling_03.mat using Guid(aab63e8fe75c7c74abaee820aedd09ef) Importer(815301076,1909f56bfc062723c751e8b465ee728b) [PhysX] Initialized MultithreadedTaskDispatcher with 16 workers.
[PhysX] Initialized MultithreadedTaskDispatcher with 16 workers.
 -> (artifact id: 'e703b109622d3ac55c35f49087e6799d') in 0.173327 seconds
Number of updated asset objects reloaded before import = 0
Number of asset objects unloaded after import = 2
========================================================================
Received Import Request.
  Time since last request: 0.000026 seconds.
  path: Assets/Blink/Tools/RPGBuilder/ThirdPartyAssets/Polyart/Materials/M_Bushes_Tiling_01.mat
  artifactKey: Guid(da6b51958c17d6e49a7354c1605d1914) Importer(815301076,1909f56bfc062723c751e8b465ee728b)
Start importing Assets/Blink/Tools/RPGBuilder/ThirdPartyAssets/Polyart/Materials/M_Bushes_Tiling_01.mat using Guid(da6b51958c17d6e49a7354c1605d1914) Importer(815301076,1909f56bfc062723c751e8b465ee728b) [PhysX] Initialized MultithreadedTaskDispatcher with 16 workers.
[PhysX] Initialized MultithreadedTaskDispatcher with 16 workers.
 -> (artifact id: '178bac186e3b149b40b4816c45722a70') in 0.019959 seconds
Number of updated asset objects reloaded before import = 0
Number of asset objects unloaded after import = 2
========================================================================
Received Import Request.
  Time since last request: 1.644953 seconds.
  path: Assets/Blink/Tools/RPGBuilder/ThirdPartyAssets/Polyart/Meshes
  artifactKey: Guid(ef13ad15c22606946a3f47dfef220d30) Importer(815301076,1909f56bfc062723c751e8b465ee728b)
Start importing Assets/Blink/Tools/RPGBuilder/ThirdPartyAssets/Polyart/Meshes using Guid(ef13ad15c22606946a3f47dfef220d30) Importer(815301076,1909f56bfc062723c751e8b465ee728b) [PhysX] Initialized MultithreadedTaskDispatcher with 16 workers.
 -> (artifact id: '88036addab9a8b65b95ea756564645d4') in 0.000846 seconds
Number of updated asset objects reloaded before import = 0
Number of asset objects unloaded after import = 0
========================================================================
Received Import Request.
  Time since last request: 1.651341 seconds.
  path: Assets/Blink/Tools/RPGBuilder/ThirdPartyAssets/Polyart/Prefabs/Prefab_Bush_05.prefab
  artifactKey: Guid(59ecbde4c4dbffc4dab8249a84baa1d0) Importer(815301076,1909f56bfc062723c751e8b465ee728b)
Start importing Assets/Blink/Tools/RPGBuilder/ThirdPartyAssets/Polyart/Prefabs/Prefab_Bush_05.prefab using Guid(59ecbde4c4dbffc4dab8249a84baa1d0) Importer(815301076,1909f56bfc062723c751e8b465ee728b) [PhysX] Initialized MultithreadedTaskDispatcher with 16 workers.
[PhysX] Initialized MultithreadedTaskDispatcher with 16 workers.
 -> (artifact id: 'e7c41eababd4b3cc5224102593595333') in 0.021936 seconds
Number of updated asset objects reloaded before import = 0
Number of asset objects unloaded after import = 19
========================================================================
Received Import Request.
  Time since last request: 0.000073 seconds.
  path: Assets/Blink/Tools/RPGBuilder/ThirdPartyAssets/Polyart/Prefabs/Prefab_RockFormation_05.prefab
  artifactKey: Guid(20f5a1243b5a49c4fb6bc746f9bcc8c8) Importer(815301076,1909f56bfc062723c751e8b465ee728b)
Start importing Assets/Blink/Tools/RPGBuilder/ThirdPartyAssets/Polyart/Prefabs/Prefab_RockFormation_05.prefab using Guid(20f5a1243b5a49c4fb6bc746f9bcc8c8) Importer(815301076,1909f56bfc062723c751e8b465ee728b) [PhysX] Initialized MultithreadedTaskDispatcher with 16 workers.
[PhysX] Initialized MultithreadedTaskDispatcher with 16 workers.
 -> (artifact id: '9eabe0475ecb810d9c4c587f63d6c8a1') in 0.279892 seconds
Number of updated asset objects reloaded before import = 0
Number of asset objects unloaded after import = 29
========================================================================
Received Import Request.
  Time since last request: 10.946417 seconds.
  path: Assets/Blink/Tools/RPGBuilder/ThirdPartyAssets/Polyart/Meshes/SM_RockFormation_04.fbx
  artifactKey: Guid(ba53360b4195cb542922626d94e36105) Importer(815301076,1909f56bfc062723c751e8b465ee728b)
Start importing Assets/Blink/Tools/RPGBuilder/ThirdPartyAssets/Polyart/Meshes/SM_RockFormation_04.fbx using Guid(ba53360b4195cb542922626d94e36105) Importer(815301076,1909f56bfc062723c751e8b465ee728b) [PhysX] Initialized MultithreadedTaskDispatcher with 16 workers.
[PhysX] Initialized MultithreadedTaskDispatcher with 16 workers.
[PhysX] Initialized MultithreadedTaskDispatcher with 16 workers.
[PhysX] Initialized MultithreadedTaskDispatcher with 16 workers.
[PhysX] Initialized MultithreadedTaskDispatcher with 16 workers.
[PhysX] Initialized MultithreadedTaskDispatcher with 16 workers.
[PhysX] Initialized MultithreadedTaskDispatcher with 16 workers.
[PhysX] Initialized MultithreadedTaskDispatcher with 16 workers.
 -> (artifact id: '5d7467380ef721d8dabf6298c587f357') in 0.063952 seconds
Number of updated asset objects reloaded before import = 0
Number of asset objects unloaded after import = 29
========================================================================
Received Import Request.
  Time since last request: 6.582519 seconds.
  path: Assets/Blink/Tools/RPGBuilder/ThirdPartyAssets/Polyart/Textures/T_Leaves_Clump_01.png
  artifactKey: Guid(a2ad996e66f54304d8ffe25139c6fcfb) Importer(815301076,1909f56bfc062723c751e8b465ee728b)
Start importing Assets/Blink/Tools/RPGBuilder/ThirdPartyAssets/Polyart/Textures/T_Leaves_Clump_01.png using Guid(a2ad996e66f54304d8ffe25139c6fcfb) Importer(815301076,1909f56bfc062723c751e8b465ee728b) [PhysX] Initialized MultithreadedTaskDispatcher with 16 workers.
[PhysX] Initialized MultithreadedTaskDispatcher with 16 workers.
 -> (artifact id: '5ff3b36e7fd09199df00c34381ec0ac1') in 0.026820 seconds
Number of updated asset objects reloaded before import = 0
Number of asset objects unloaded after import = 2
========================================================================
Received Import Request.
  Time since last request: 0.000020 seconds.
  path: Assets/Blink/Tools/RPGBuilder/ThirdPartyAssets/Polyart/Textures/T_Tree_Birch_Rework_C.png
  artifactKey: Guid(a731d3dbf18a84347b372979aea8c196) Importer(815301076,1909f56bfc062723c751e8b465ee728b)
Start importing Assets/Blink/Tools/RPGBuilder/ThirdPartyAssets/Polyart/Textures/T_Tree_Birch_Rework_C.png using Guid(a731d3dbf18a84347b372979aea8c196) Importer(815301076,1909f56bfc062723c751e8b465ee728b) [PhysX] Initialized MultithreadedTaskDispatcher with 16 workers.
[PhysX] Initialized MultithreadedTaskDispatcher with 16 workers.
 -> (artifact id: '0bf65bbcc2cfba8ad8085d1155a6f4d4') in 0.019012 seconds
Number of updated asset objects reloaded before import = 0
Number of asset objects unloaded after import = 2
========================================================================
Received Import Request.
  Time since last request: 57.616119 seconds.
  path: Assets/Blink/Tools/RPGBuilder/ThirdPartyAssets/RDR/Particles/Aura Particle/Textures/Line_2.png
  artifactKey: Guid(28b6c1b263826c84296c67ec9ea42c30) Importer(815301076,1909f56bfc062723c751e8b465ee728b)
Start importing Assets/Blink/Tools/RPGBuilder/ThirdPartyAssets/RDR/Particles/Aura Particle/Textures/Line_2.png using Guid(28b6c1b263826c84296c67ec9ea42c30) Importer(815301076,1909f56bfc062723c751e8b465ee728b) [PhysX] Initialized MultithreadedTaskDispatcher with 16 workers.
[PhysX] Initialized MultithreadedTaskDispatcher with 16 workers.
 -> (artifact id: '79c54b783be49f6492b5e27976412aee') in 0.013033 seconds
Number of updated asset objects reloaded before import = 0
Number of asset objects unloaded after import = 2
========================================================================
Received Import Request.
  Time since last request: 0.010322 seconds.
  path: Assets/Blink/Tools/RPGBuilder/ThirdPartyAssets/RDR/Particles/Aura Particle/Textures/Line_7.png
  artifactKey: Guid(f46d1afb777743c49adc02c75d7c3653) Importer(815301076,1909f56bfc062723c751e8b465ee728b)
Start importing Assets/Blink/Tools/RPGBuilder/ThirdPartyAssets/RDR/Particles/Aura Particle/Textures/Line_7.png using Guid(f46d1afb777743c49adc02c75d7c3653) Importer(815301076,1909f56bfc062723c751e8b465ee728b) [PhysX] Initialized MultithreadedTaskDispatcher with 16 workers.
[PhysX] Initialized MultithreadedTaskDispatcher with 16 workers.
 -> (artifact id: 'fede1f545554dacee948deb33e1dc4d8') in 0.013813 seconds
Number of updated asset objects reloaded before import = 0
Number of asset objects unloaded after import = 2
========================================================================
Received Import Request.
  Time since last request: 0.011510 seconds.
  path: Assets/Blink/Tools/RPGBuilder/ThirdPartyAssets/RDR/Particles/Aura Particle/Textures/Smoke_2.png
  artifactKey: Guid(80956db1b45ade147b5048c10dce9749) Importer(815301076,1909f56bfc062723c751e8b465ee728b)
Start importing Assets/Blink/Tools/RPGBuilder/ThirdPartyAssets/RDR/Particles/Aura Particle/Textures/Smoke_2.png using Guid(80956db1b45ade147b5048c10dce9749) Importer(815301076,1909f56bfc062723c751e8b465ee728b) [PhysX] Initialized MultithreadedTaskDispatcher with 16 workers.
[PhysX] Initialized MultithreadedTaskDispatcher with 16 workers.
 -> (artifact id: 'ec40ee735079b081aa1c77ee7e5945bb') in 0.015412 seconds
Number of updated asset objects reloaded before import = 0
Number of asset objects unloaded after import = 2
========================================================================
Received Import Request.
  Time since last request: 1.864109 seconds.
  path: Assets/Blink/Tools/RPGBuilder/ThirdPartyAssets/RDR/Particles/Aura Particle/Materials/Hit_9.mat
  artifactKey: Guid(83973834b5c131e49a313031df131696) Importer(815301076,1909f56bfc062723c751e8b465ee728b)
Start importing Assets/Blink/Tools/RPGBuilder/ThirdPartyAssets/RDR/Particles/Aura Particle/Materials/Hit_9.mat using Guid(83973834b5c131e49a313031df131696) Importer(815301076,1909f56bfc062723c751e8b465ee728b) [PhysX] Initialized MultithreadedTaskDispatcher with 16 workers.
[PhysX] Initialized MultithreadedTaskDispatcher with 16 workers.
 -> (artifact id: 'c5c45e5a86560110d406047c6a809dfc') in 0.011398 seconds
Number of updated asset objects reloaded before import = 0
Number of asset objects unloaded after import = 1
========================================================================
Received Import Request.
  Time since last request: 0.026244 seconds.
  path: Assets/Blink/Tools/RPGBuilder/ThirdPartyAssets/RDR/Particles/Aura Particle/Materials/Light_2.mat
  artifactKey: Guid(b8288c32e978df84a9f3968aebfcfb5a) Importer(815301076,1909f56bfc062723c751e8b465ee728b)
Start importing Assets/Blink/Tools/RPGBuilder/ThirdPartyAssets/RDR/Particles/Aura Particle/Materials/Light_2.mat using Guid(b8288c32e978df84a9f3968aebfcfb5a) Importer(815301076,1909f56bfc062723c751e8b465ee728b) [PhysX] Initialized MultithreadedTaskDispatcher with 16 workers.
[PhysX] Initialized MultithreadedTaskDispatcher with 16 workers.
 -> (artifact id: 'e0c67aaccbd96eedea5b3927c845ffe3') in 0.004904 seconds
Number of updated asset objects reloaded before import = 0
Number of asset objects unloaded after import = 1
========================================================================
Received Import Request.
  Time since last request: 0.073320 seconds.
  path: Assets/Blink/Tools/RPGBuilder/ThirdPartyAssets/RDR/Particles/Aura Particle/Materials/Line_3.mat
  artifactKey: Guid(500a28bfa341b6041aea8cefa71a0a32) Importer(815301076,1909f56bfc062723c751e8b465ee728b)
Start importing Assets/Blink/Tools/RPGBuilder/ThirdPartyAssets/RDR/Particles/Aura Particle/Materials/Line_3.mat using Guid(500a28bfa341b6041aea8cefa71a0a32) Importer(815301076,1909f56bfc062723c751e8b465ee728b) [PhysX] Initialized MultithreadedTaskDispatcher with 16 workers.
[PhysX] Initialized MultithreadedTaskDispatcher with 16 workers.
 -> (artifact id: 'a2711b3e211a4351aba8e85c77a45dfe') in 0.011765 seconds
Number of updated asset objects reloaded before import = 0
Number of asset objects unloaded after import = 2
========================================================================
Received Import Request.
  Time since last request: 0.025575 seconds.
  path: Assets/Blink/Tools/RPGBuilder/ThirdPartyAssets/RDR/Particles/Aura Particle/Materials/Magic_4.mat
  artifactKey: Guid(89ff9b3601398434ea0d3cc505d76335) Importer(815301076,1909f56bfc062723c751e8b465ee728b)
Start importing Assets/Blink/Tools/RPGBuilder/ThirdPartyAssets/RDR/Particles/Aura Particle/Materials/Magic_4.mat using Guid(89ff9b3601398434ea0d3cc505d76335) Importer(815301076,1909f56bfc062723c751e8b465ee728b) [PhysX] Initialized MultithreadedTaskDispatcher with 16 workers.
[PhysX] Initialized MultithreadedTaskDispatcher with 16 workers.
 -> (artifact id: '50bac81600702c2c10cdc567ba717112') in 0.005088 seconds
Number of updated asset objects reloaded before import = 0
Number of asset objects unloaded after import = 1
========================================================================
Received Import Request.
  Time since last request: 0.018589 seconds.
  path: Assets/Blink/Tools/RPGBuilder/ThirdPartyAssets/RDR/Particles/Aura Particle/Materials/Shield_1.mat
  artifactKey: Guid(132297f2e8bfaed4981f1d3f81e740c2) Importer(815301076,1909f56bfc062723c751e8b465ee728b)
Start importing Assets/Blink/Tools/RPGBuilder/ThirdPartyAssets/RDR/Particles/Aura Particle/Materials/Shield_1.mat using Guid(132297f2e8bfaed4981f1d3f81e740c2) Importer(815301076,1909f56bfc062723c751e8b465ee728b) [PhysX] Initialized MultithreadedTaskDispatcher with 16 workers.
[PhysX] Initialized MultithreadedTaskDispatcher with 16 workers.
 -> (artifact id: '0077af4c91be2dcda242c27f335b6718') in 0.011811 seconds
Number of updated asset objects reloaded before import = 0
Number of asset objects unloaded after import = 1
========================================================================
Received Import Request.
  Time since last request: 0.040031 seconds.
  path: Assets/Blink/Tools/RPGBuilder/ThirdPartyAssets/RDR/Particles/Aura Particle/Materials/Smoke_2.mat
  artifactKey: Guid(378a8270018e87044b09bccf34e8cd41) Importer(815301076,1909f56bfc062723c751e8b465ee728b)
Start importing Assets/Blink/Tools/RPGBuilder/ThirdPartyAssets/RDR/Particles/Aura Particle/Materials/Smoke_2.mat using Guid(378a8270018e87044b09bccf34e8cd41) Importer(815301076,1909f56bfc062723c751e8b465ee728b) [PhysX] Initialized MultithreadedTaskDispatcher with 16 workers.
[PhysX] Initialized MultithreadedTaskDispatcher with 16 workers.
 -> (artifact id: '77a3172431eb1fd773c9473e0fde29bf') in 0.012531 seconds
Number of updated asset objects reloaded before import = 0
Number of asset objects unloaded after import = 2
========================================================================
Received Import Request.
  Time since last request: 5.214769 seconds.
  path: Assets/Blink/Tools/RPGBuilder/ThirdPartyAssets/RDR/Particles/Fantasy_Portal/Prefab/Fantasy_Portal_2.prefab
  artifactKey: Guid(e2b870a4738232c44b7d32dea0128aaf) Importer(815301076,1909f56bfc062723c751e8b465ee728b)
Start importing Assets/Blink/Tools/RPGBuilder/ThirdPartyAssets/RDR/Particles/Fantasy_Portal/Prefab/Fantasy_Portal_2.prefab using Guid(e2b870a4738232c44b7d32dea0128aaf) Importer(815301076,1909f56bfc062723c751e8b465ee728b) [PhysX] Initialized MultithreadedTaskDispatcher with 16 workers.
[PhysX] Initialized MultithreadedTaskDispatcher with 16 workers.
 -> (artifact id: 'e446367ab4995db7e08be6a015033477') in 0.036966 seconds
Number of updated asset objects reloaded before import = 0
Number of asset objects unloaded after import = 17
========================================================================
Received Import Request.
  Time since last request: 0.000023 seconds.
  path: Assets/Blink/Tools/RPGBuilder/ThirdPartyAssets/RDR/Particles/Fantasy_Portal/Prefab/Fantasy_Portal_4.prefab
  artifactKey: Guid(533beed20d894354c994bd17260c9ef5) Importer(815301076,1909f56bfc062723c751e8b465ee728b)
Start importing Assets/Blink/Tools/RPGBuilder/ThirdPartyAssets/RDR/Particles/Fantasy_Portal/Prefab/Fantasy_Portal_4.prefab using Guid(533beed20d894354c994bd17260c9ef5) Importer(815301076,1909f56bfc062723c751e8b465ee728b) [PhysX] Initialized MultithreadedTaskDispatcher with 16 workers.
[PhysX] Initialized MultithreadedTaskDispatcher with 16 workers.
 -> (artifact id: '67b58c6ef3fd135636a34ddd43d8137a') in 0.040106 seconds
Number of updated asset objects reloaded before import = 0
Number of asset objects unloaded after import = 17
========================================================================
Received Import Request.
  Time since last request: 0.009147 seconds.
  path: Assets/Blink/Tools/RPGBuilder/ThirdPartyAssets/RDR/Particles/Fantasy_Portal/Prefab/Fantasy_Portal_7.prefab
  artifactKey: Guid(0decaf1fd6bb80f4db8e9c7b786b1dd7) Importer(815301076,1909f56bfc062723c751e8b465ee728b)
Start importing Assets/Blink/Tools/RPGBuilder/ThirdPartyAssets/RDR/Particles/Fantasy_Portal/Prefab/Fantasy_Portal_7.prefab using Guid(0decaf1fd6bb80f4db8e9c7b786b1dd7) Importer(815301076,1909f56bfc062723c751e8b465ee728b) [PhysX] Initialized MultithreadedTaskDispatcher with 16 workers.
[PhysX] Initialized MultithreadedTaskDispatcher with 16 workers.
 -> (artifact id: 'c06947a351d24610abe95868bf407110') in 0.044579 seconds
Number of updated asset objects reloaded before import = 0
Number of asset objects unloaded after import = 17
========================================================================
Received Import Request.
  Time since last request: 0.000022 seconds.
  path: Assets/Blink/Tools/RPGBuilder/ThirdPartyAssets/RDR/Particles/Fantasy_Portal/Prefab/Fantasy_Portal_10.prefab
  artifactKey: Guid(34f899ee6db1ccf43a49c55ed4308844) Importer(815301076,1909f56bfc062723c751e8b465ee728b)
Start importing Assets/Blink/Tools/RPGBuilder/ThirdPartyAssets/RDR/Particles/Fantasy_Portal/Prefab/Fantasy_Portal_10.prefab using Guid(34f899ee6db1ccf43a49c55ed4308844) Importer(815301076,1909f56bfc062723c751e8b465ee728b) [PhysX] Initialized MultithreadedTaskDispatcher with 16 workers.
[PhysX] Initialized MultithreadedTaskDispatcher with 16 workers.
 -> (artifact id: '06566b65f6ccde08e8ebddfede134ecd') in 0.031151 seconds
Number of updated asset objects reloaded before import = 0
Number of asset objects unloaded after import = 17
========================================================================
Received Import Request.
  Time since last request: 0.000021 seconds.
  path: Assets/Blink/Tools/RPGBuilder/ThirdPartyAssets/RDR/Particles/Fantasy_Portal/Prefab/Fantasy_Portal_12.prefab
  artifactKey: Guid(447038ec466b2ce41ae80849dfbe2861) Importer(815301076,1909f56bfc062723c751e8b465ee728b)
Start importing Assets/Blink/Tools/RPGBuilder/ThirdPartyAssets/RDR/Particles/Fantasy_Portal/Prefab/Fantasy_Portal_12.prefab using Guid(447038ec466b2ce41ae80849dfbe2861) Importer(815301076,1909f56bfc062723c751e8b465ee728b) [PhysX] Initialized MultithreadedTaskDispatcher with 16 workers.
[PhysX] Initialized MultithreadedTaskDispatcher with 16 workers.
 -> (artifact id: '238a095ad7564cae256ee78e7d5a1c48') in 0.033950 seconds
Number of updated asset objects reloaded before import = 0
Number of asset objects unloaded after import = 17
========================================================================
Received Import Request.
  Time since last request: 0.003283 seconds.
  path: Assets/Blink/Tools/RPGBuilder/ThirdPartyAssets/RDR/Particles/Fantasy_Portal/Prefab/Fantasy_Portal_3.prefab
  artifactKey: Guid(00852bcfefd2f6f4aad78295c0b090a5) Importer(815301076,1909f56bfc062723c751e8b465ee728b)
Start importing Assets/Blink/Tools/RPGBuilder/ThirdPartyAssets/RDR/Particles/Fantasy_Portal/Prefab/Fantasy_Portal_3.prefab using Guid(00852bcfefd2f6f4aad78295c0b090a5) Importer(815301076,1909f56bfc062723c751e8b465ee728b) [PhysX] Initialized MultithreadedTaskDispatcher with 16 workers.
[PhysX] Initialized MultithreadedTaskDispatcher with 16 workers.
 -> (artifact id: '970df9fbb92dd6d88d3cfb29f043c634') in 0.035191 seconds
Number of updated asset objects reloaded before import = 0
Number of asset objects unloaded after import = 17
========================================================================
Received Import Request.
  Time since last request: 0.000036 seconds.
  path: Assets/Blink/Tools/RPGBuilder/ThirdPartyAssets/RDR/Particles/Fantasy_Portal/Prefab/Fantasy_Portal_11.prefab
  artifactKey: Guid(d2709dd17bcc5b94d8738e753c6fde9e) Importer(815301076,1909f56bfc062723c751e8b465ee728b)
Start importing Assets/Blink/Tools/RPGBuilder/ThirdPartyAssets/RDR/Particles/Fantasy_Portal/Prefab/Fantasy_Portal_11.prefab using Guid(d2709dd17bcc5b94d8738e753c6fde9e) Importer(815301076,1909f56bfc062723c751e8b465ee728b) [PhysX] Initialized MultithreadedTaskDispatcher with 16 workers.
[PhysX] Initialized MultithreadedTaskDispatcher with 16 workers.
 -> (artifact id: '47a6a02f0caa5f68915ee19086323600') in 0.040636 seconds
Number of updated asset objects reloaded before import = 0
Number of asset objects unloaded after import = 17
========================================================================
Received Import Request.
  Time since last request: 0.000018 seconds.
  path: Assets/Blink/Tools/RPGBuilder/ThirdPartyAssets/RDR/Particles/Fantasy_Portal/Prefab/Fantasy_Portal_15.prefab
  artifactKey: Guid(817ade688a7241f45b9eb04a8fb820a1) Importer(815301076,1909f56bfc062723c751e8b465ee728b)
Start importing Assets/Blink/Tools/RPGBuilder/ThirdPartyAssets/RDR/Particles/Fantasy_Portal/Prefab/Fantasy_Portal_15.prefab using Guid(817ade688a7241f45b9eb04a8fb820a1) Importer(815301076,1909f56bfc062723c751e8b465ee728b) [PhysX] Initialized MultithreadedTaskDispatcher with 16 workers.
[PhysX] Initialized MultithreadedTaskDispatcher with 16 workers.
 -> (artifact id: '3165ae1cc723d80769c566bcf1e3b544') in 0.037475 seconds
Number of updated asset objects reloaded before import = 0
Number of asset objects unloaded after import = 17
========================================================================
Received Import Request.
  Time since last request: 22.264825 seconds.
  path: Assets/Blink/Tools/RPGBuilder/ThirdPartyAssets/RDR/Particles/Fantasy_Portal/Materials/Portal_11.mat
  artifactKey: Guid(b256047527382724b9ef04b5720b781d) Importer(815301076,1909f56bfc062723c751e8b465ee728b)
Start importing Assets/Blink/Tools/RPGBuilder/ThirdPartyAssets/RDR/Particles/Fantasy_Portal/Materials/Portal_11.mat using Guid(b256047527382724b9ef04b5720b781d) Importer(815301076,1909f56bfc062723c751e8b465ee728b) [PhysX] Initialized MultithreadedTaskDispatcher with 16 workers.
[PhysX] Initialized MultithreadedTaskDispatcher with 16 workers.
 -> (artifact id: '04241063113b317772aead29742d5ce9') in 0.017749 seconds
Number of updated asset objects reloaded before import = 0
Number of asset objects unloaded after import = 2
========================================================================
Received Import Request.
  Time since last request: 0.000025 seconds.
  path: Assets/Blink/Tools/RPGBuilder/ThirdPartyAssets/RDR/Particles/Fantasy_Portal/Materials/Portal_14.mat
  artifactKey: Guid(8c04703b12a816c47bdf58f937e58f1c) Importer(815301076,1909f56bfc062723c751e8b465ee728b)
Start importing Assets/Blink/Tools/RPGBuilder/ThirdPartyAssets/RDR/Particles/Fantasy_Portal/Materials/Portal_14.mat using Guid(8c04703b12a816c47bdf58f937e58f1c) Importer(815301076,1909f56bfc062723c751e8b465ee728b) [PhysX] Initialized MultithreadedTaskDispatcher with 16 workers.
[PhysX] Initialized MultithreadedTaskDispatcher with 16 workers.
 -> (artifact id: 'c6ee6675bf0d12715256e14fe76edd0c') in 0.022621 seconds
Number of updated asset objects reloaded before import = 0
Number of asset objects unloaded after import = 2
========================================================================
Received Import Request.
  Time since last request: 3.680755 seconds.
  path: Assets/Blink/Tools/RPGBuilder/ThirdPartyAssets/RDR/Particles/Fantasy_Portal/Textures/Portal_3.png
  artifactKey: Guid(9b210bb7a84348c439c27828fa66a2ee) Importer(815301076,1909f56bfc062723c751e8b465ee728b)
Start importing Assets/Blink/Tools/RPGBuilder/ThirdPartyAssets/RDR/Particles/Fantasy_Portal/Textures/Portal_3.png using Guid(9b210bb7a84348c439c27828fa66a2ee) Importer(815301076,1909f56bfc062723c751e8b465ee728b) [PhysX] Initialized MultithreadedTaskDispatcher with 16 workers.
[PhysX] Initialized MultithreadedTaskDispatcher with 16 workers.
 -> (artifact id: 'b20a1f018e70fa88fece38f1cd963a01') in 0.020384 seconds
Number of updated asset objects reloaded before import = 0
Number of asset objects unloaded after import = 2
========================================================================
Received Import Request.
  Time since last request: 0.000210 seconds.
  path: Assets/Blink/Tools/RPGBuilder/ThirdPartyAssets/RDR/Particles/Fantasy_Portal/Textures/Portal_7.png
  artifactKey: Guid(b301a0a5fe0789e4d864b280c2cccca2) Importer(815301076,1909f56bfc062723c751e8b465ee728b)
Start importing Assets/Blink/Tools/RPGBuilder/ThirdPartyAssets/RDR/Particles/Fantasy_Portal/Textures/Portal_7.png using Guid(b301a0a5fe0789e4d864b280c2cccca2) Importer(815301076,1909f56bfc062723c751e8b465ee728b) [PhysX] Initialized MultithreadedTaskDispatcher with 16 workers.
[PhysX] Initialized MultithreadedTaskDispatcher with 16 workers.
 -> (artifact id: '1400836a8cf9a32d5e76492bc61740e3') in 0.016621 seconds
Number of updated asset objects reloaded before import = 0
Number of asset objects unloaded after import = 2
========================================================================
Received Import Request.
  Time since last request: 0.000505 seconds.
  path: Assets/Blink/Tools/RPGBuilder/ThirdPartyAssets/RDR/Particles/Fantasy_Portal/Textures/Portal_10.png
  artifactKey: Guid(f0c105a79ce3a39468ca7634f79bd8fb) Importer(815301076,1909f56bfc062723c751e8b465ee728b)
Start importing Assets/Blink/Tools/RPGBuilder/ThirdPartyAssets/RDR/Particles/Fantasy_Portal/Textures/Portal_10.png using Guid(f0c105a79ce3a39468ca7634f79bd8fb) Importer(815301076,1909f56bfc062723c751e8b465ee728b) [PhysX] Initialized MultithreadedTaskDispatcher with 16 workers.
[PhysX] Initialized MultithreadedTaskDispatcher with 16 workers.
 -> (artifact id: '5e0cb33f0c4f73f220685c3c6d367471') in 0.018237 seconds
Number of updated asset objects reloaded before import = 0
Number of asset objects unloaded after import = 2
========================================================================
Received Import Request.
  Time since last request: 0.009663 seconds.
  path: Assets/Blink/Tools/RPGBuilder/ThirdPartyAssets/RDR/Particles/Fantasy_Portal/Textures/Portal_14.png
  artifactKey: Guid(1be47d4437c8a884db9e569edf9e659e) Importer(815301076,1909f56bfc062723c751e8b465ee728b)
Start importing Assets/Blink/Tools/RPGBuilder/ThirdPartyAssets/RDR/Particles/Fantasy_Portal/Textures/Portal_14.png using Guid(1be47d4437c8a884db9e569edf9e659e) Importer(815301076,1909f56bfc062723c751e8b465ee728b) [PhysX] Initialized MultithreadedTaskDispatcher with 16 workers.
[PhysX] Initialized MultithreadedTaskDispatcher with 16 workers.
 -> (artifact id: '2667b8c6063d44201770a75f241b6f04') in 0.017074 seconds
Number of updated asset objects reloaded before import = 0
Number of asset objects unloaded after import = 2
========================================================================
Received Import Request.
  Time since last request: 5.320136 seconds.
  path: Assets/Blink/Tools/RPGBuilder/ThirdPartyAssets/RDR/Particles/PORTAL (AAA)/Prefab/Portal_3.prefab
  artifactKey: Guid(3e111e8a15631414b8764a3d0234d6f0) Importer(815301076,1909f56bfc062723c751e8b465ee728b)
Start importing Assets/Blink/Tools/RPGBuilder/ThirdPartyAssets/RDR/Particles/PORTAL (AAA)/Prefab/Portal_3.prefab using Guid(3e111e8a15631414b8764a3d0234d6f0) Importer(815301076,1909f56bfc062723c751e8b465ee728b) [PhysX] Initialized MultithreadedTaskDispatcher with 16 workers.
[PhysX] Initialized MultithreadedTaskDispatcher with 16 workers.
 -> (artifact id: '6a54c80587838f08385bd147ba413af5') in 0.062665 seconds
Number of updated asset objects reloaded before import = 0
Number of asset objects unloaded after import = 32
========================================================================
Received Import Request.
  Time since last request: 0.002552 seconds.
  path: Assets/Blink/Tools/RPGBuilder/ThirdPartyAssets/RDR/Particles/PORTAL (AAA)/Prefab/Portal_7.prefab
  artifactKey: Guid(3ca9e04d4e02d574391ad46a579b8969) Importer(815301076,1909f56bfc062723c751e8b465ee728b)
Start importing Assets/Blink/Tools/RPGBuilder/ThirdPartyAssets/RDR/Particles/PORTAL (AAA)/Prefab/Portal_7.prefab using Guid(3ca9e04d4e02d574391ad46a579b8969) Importer(815301076,1909f56bfc062723c751e8b465ee728b) [PhysX] Initialized MultithreadedTaskDispatcher with 16 workers.
[PhysX] Initialized MultithreadedTaskDispatcher with 16 workers.
 -> (artifact id: 'ef4cb1e66eb44d56705d1edbb903cbef') in 0.046695 seconds
Number of updated asset objects reloaded before import = 0
Number of asset objects unloaded after import = 32
========================================================================
Received Import Request.
  Time since last request: 21.499996 seconds.
  path: Assets/Blink/Tools/RPGBuilder/ThirdPartyAssets/RDR/Particles/RPG Effect Pack/Prefab/Aura/Aura_3.prefab
  artifactKey: Guid(b4bb7458bbe5a164dbfc0ab0e5091df8) Importer(815301076,1909f56bfc062723c751e8b465ee728b)
Start importing Assets/Blink/Tools/RPGBuilder/ThirdPartyAssets/RDR/Particles/RPG Effect Pack/Prefab/Aura/Aura_3.prefab using Guid(b4bb7458bbe5a164dbfc0ab0e5091df8) Importer(815301076,1909f56bfc062723c751e8b465ee728b) [PhysX] Initialized MultithreadedTaskDispatcher with 16 workers.
[PhysX] Initialized MultithreadedTaskDispatcher with 16 workers.
 -> (artifact id: 'e87863be942e52cbd870a48d6f7fa07c') in 0.015664 seconds
Number of updated asset objects reloaded before import = 0
Number of asset objects unloaded after import = 22
========================================================================
Received Import Request.
  Time since last request: 0.037494 seconds.
  path: Assets/Blink/Tools/RPGBuilder/ThirdPartyAssets/RDR/Particles/RPG Effect Pack/Prefab/Aura/Aura_7.prefab
  artifactKey: Guid(d5edba3c1a31dac458debbdb47d3db4c) Importer(815301076,1909f56bfc062723c751e8b465ee728b)
Start importing Assets/Blink/Tools/RPGBuilder/ThirdPartyAssets/RDR/Particles/RPG Effect Pack/Prefab/Aura/Aura_7.prefab using Guid(d5edba3c1a31dac458debbdb47d3db4c) Importer(815301076,1909f56bfc062723c751e8b465ee728b) [PhysX] Initialized MultithreadedTaskDispatcher with 16 workers.
[PhysX] Initialized MultithreadedTaskDispatcher with 16 workers.
 -> (artifact id: '74cf20edef4e155abf9afddc34a28960') in 0.064662 seconds
Number of updated asset objects reloaded before import = 0
Number of asset objects unloaded after import = 37
========================================================================
Received Import Request.
  Time since last request: 0.000018 seconds.
  path: Assets/Blink/Tools/RPGBuilder/ThirdPartyAssets/RDR/Particles/RPG Effect Pack/Prefab/Aura/Aura_Shield_3.prefab
  artifactKey: Guid(4b272552803b2da45867cff5fa7e73c6) Importer(815301076,1909f56bfc062723c751e8b465ee728b)
Start importing Assets/Blink/Tools/RPGBuilder/ThirdPartyAssets/RDR/Particles/RPG Effect Pack/Prefab/Aura/Aura_Shield_3.prefab using Guid(4b272552803b2da45867cff5fa7e73c6) Importer(815301076,1909f56bfc062723c751e8b465ee728b) [PhysX] Initialized MultithreadedTaskDispatcher with 16 workers.
[PhysX] Initialized MultithreadedTaskDispatcher with 16 workers.
 -> (artifact id: '1d7591f33c14dd36e51b9be2b1d94f77') in 0.018302 seconds
Number of updated asset objects reloaded before import = 0
Number of asset objects unloaded after import = 27
========================================================================
Received Import Request.
  Time since last request: 33.374463 seconds.
  path: Assets/Blink/Tools/RPGBuilder/ThirdPartyAssets/RDR/Particles/RPG Effect Pack/Prefab/Hit/Hit_3.prefab
  artifactKey: Guid(6b850e7a132b7e34d8f6750bcd9a06a6) Importer(815301076,1909f56bfc062723c751e8b465ee728b)
Start importing Assets/Blink/Tools/RPGBuilder/ThirdPartyAssets/RDR/Particles/RPG Effect Pack/Prefab/Hit/Hit_3.prefab using Guid(6b850e7a132b7e34d8f6750bcd9a06a6) Importer(815301076,1909f56bfc062723c751e8b465ee728b) [PhysX] Initialized MultithreadedTaskDispatcher with 16 workers.
[PhysX] Initialized MultithreadedTaskDispatcher with 16 workers.
 -> (artifact id: '8c18fd6ea4d96fd643fe531b66337a68') in 0.012958 seconds
Number of updated asset objects reloaded before import = 0
Number of asset objects unloaded after import = 15
========================================================================
Received Import Request.
  Time since last request: 0.194329 seconds.
  path: Assets/Blink/Tools/RPGBuilder/ThirdPartyAssets/RDR/Particles/RPG Effect Pack/Prefab/Hit/Hit_17.prefab
  artifactKey: Guid(4c7611f988b5f514bae59a5daad076fc) Importer(815301076,1909f56bfc062723c751e8b465ee728b)
Start importing Assets/Blink/Tools/RPGBuilder/ThirdPartyAssets/RDR/Particles/RPG Effect Pack/Prefab/Hit/Hit_17.prefab using Guid(4c7611f988b5f514bae59a5daad076fc) Importer(815301076,1909f56bfc062723c751e8b465ee728b) [PhysX] Initialized MultithreadedTaskDispatcher with 16 workers.
[PhysX] Initialized MultithreadedTaskDispatcher with 16 workers.
 -> (artifact id: '5bb118e1a81bb9db9030a34436fc98be') in 0.036764 seconds
Number of updated asset objects reloaded before import = 0
Number of asset objects unloaded after import = 27
========================================================================
Received Import Request.
  Time since last request: 0.004723 seconds.
  path: Assets/Blink/Tools/RPGBuilder/ThirdPartyAssets/RDR/Particles/RPG Effect Pack/Prefab/Hit/Hit_20.prefab
  artifactKey: Guid(9d9575fa1e49ec84b907a89443a883a8) Importer(815301076,1909f56bfc062723c751e8b465ee728b)
Start importing Assets/Blink/Tools/RPGBuilder/ThirdPartyAssets/RDR/Particles/RPG Effect Pack/Prefab/Hit/Hit_20.prefab using Guid(9d9575fa1e49ec84b907a89443a883a8) Importer(815301076,1909f56bfc062723c751e8b465ee728b) [PhysX] Initialized MultithreadedTaskDispatcher with 16 workers.
[PhysX] Initialized MultithreadedTaskDispatcher with 16 workers.
 -> (artifact id: '7118dd0163d12e9a4fc7ec69a6837644') in 0.052432 seconds
Number of updated asset objects reloaded before import = 0
Number of asset objects unloaded after import = 29
========================================================================
Received Import Request.
  Time since last request: 0.027495 seconds.
  path: Assets/Blink/Tools/RPGBuilder/ThirdPartyAssets/RDR/Particles/RPG Effect Pack/Prefab/Hit/Hit_26.prefab
  artifactKey: Guid(26597aeaa59b4844ca2061caee060f63) Importer(815301076,1909f56bfc062723c751e8b465ee728b)
Start importing Assets/Blink/Tools/RPGBuilder/ThirdPartyAssets/RDR/Particles/RPG Effect Pack/Prefab/Hit/Hit_26.prefab using Guid(26597aeaa59b4844ca2061caee060f63) Importer(815301076,1909f56bfc062723c751e8b465ee728b) [PhysX] Initialized MultithreadedTaskDispatcher with 16 workers.
[PhysX] Initialized MultithreadedTaskDispatcher with 16 workers.
 -> (artifact id: '09a576fd8d9208d3d03b2b75f9da7a9c') in 0.013064 seconds
Number of updated asset objects reloaded before import = 0
Number of asset objects unloaded after import = 16
========================================================================
Received Import Request.
  Time since last request: 0.025784 seconds.
  path: Assets/Blink/Tools/RPGBuilder/ThirdPartyAssets/RDR/Particles/RPG Effect Pack/Prefab/Hit/Hit_29.prefab
  artifactKey: Guid(3bedb6ecfbce31048ab0537e50a31697) Importer(815301076,1909f56bfc062723c751e8b465ee728b)
Start importing Assets/Blink/Tools/RPGBuilder/ThirdPartyAssets/RDR/Particles/RPG Effect Pack/Prefab/Hit/Hit_29.prefab using Guid(3bedb6ecfbce31048ab0537e50a31697) Importer(815301076,1909f56bfc062723c751e8b465ee728b) [PhysX] Initialized MultithreadedTaskDispatcher with 16 workers.
[PhysX] Initialized MultithreadedTaskDispatcher with 16 workers.
 -> (artifact id: '439ab5e806009454b5319918a179a3a8') in 0.013591 seconds
Number of updated asset objects reloaded before import = 0
Number of asset objects unloaded after import = 16
========================================================================
Received Import Request.
  Time since last request: 63.645726 seconds.
  path: Assets/Blink/Tools/RPGBuilder/ThirdPartyAssets/RDR/Particles/RPG Effect Pack/Prefab/Effect/Effect_3.prefab
  artifactKey: Guid(212e922a4c047ef4e96fa3b85e528368) Importer(815301076,1909f56bfc062723c751e8b465ee728b)
Start importing Assets/Blink/Tools/RPGBuilder/ThirdPartyAssets/RDR/Particles/RPG Effect Pack/Prefab/Effect/Effect_3.prefab using Guid(212e922a4c047ef4e96fa3b85e528368) Importer(815301076,1909f56bfc062723c751e8b465ee728b) [PhysX] Initialized MultithreadedTaskDispatcher with 16 workers.
[PhysX] Initialized MultithreadedTaskDispatcher with 16 workers.
 -> (artifact id: 'ef4e16b567e8a5d846bed162f399d320') in 0.015170 seconds
Number of updated asset objects reloaded before import = 0
Number of asset objects unloaded after import = 20
========================================================================
Received Import Request.
  Time since last request: 4.119087 seconds.
  path: Assets/Blink/Tools/RPGBuilder/ThirdPartyAssets/RDR/Particles/RPG Effect Pack/Prefab/Beam/Beam_3.prefab
  artifactKey: Guid(8ad6ee6ade524904b9ce81b86741aead) Importer(815301076,1909f56bfc062723c751e8b465ee728b)
Start importing Assets/Blink/Tools/RPGBuilder/ThirdPartyAssets/RDR/Particles/RPG Effect Pack/Prefab/Beam/Beam_3.prefab using Guid(8ad6ee6ade524904b9ce81b86741aead) Importer(815301076,1909f56bfc062723c751e8b465ee728b) [PhysX] Initialized MultithreadedTaskDispatcher with 16 workers.
[PhysX] Initialized MultithreadedTaskDispatcher with 16 workers.
 -> (artifact id: '10cfbfbec4228695701a6e303dda8dfe') in 0.025052 seconds
Number of updated asset objects reloaded before import = 0
Number of asset objects unloaded after import = 54
========================================================================
Received Import Request.
  Time since last request: 1166.950388 seconds.
  path: Assets/ThirdPartyAssets/GabrielAguiarProductions/FireLine01_Add_3x3.mat
  artifactKey: Guid(51b93937a5cdcce4c9be1514acf21497) Importer(815301076,1909f56bfc062723c751e8b465ee728b)
Start importing Assets/ThirdPartyAssets/GabrielAguiarProductions/FireLine01_Add_3x3.mat using Guid(51b93937a5cdcce4c9be1514acf21497) Importer(815301076,1909f56bfc062723c751e8b465ee728b) [PhysX] Initialized MultithreadedTaskDispatcher with 16 workers.
[PhysX] Initialized MultithreadedTaskDispatcher with 16 workers.
 -> (artifact id: 'dbe7b632e8410923dfa8058f8b1159e6') in 0.030655 seconds
Number of updated asset objects reloaded before import = 0
Number of asset objects unloaded after import = 2
========================================================================
Received Import Request.
  Time since last request: 0.000023 seconds.
  path: Assets/ThirdPartyAssets/GabrielAguiarProductions/Shockwave01_MobAdd_4x4.mat
  artifactKey: Guid(e76c232109628e14d8d2b6717d9ed9a6) Importer(815301076,1909f56bfc062723c751e8b465ee728b)
Start importing Assets/ThirdPartyAssets/GabrielAguiarProductions/Shockwave01_MobAdd_4x4.mat using Guid(e76c232109628e14d8d2b6717d9ed9a6) Importer(815301076,1909f56bfc062723c751e8b465ee728b) [PhysX] Initialized MultithreadedTaskDispatcher with 16 workers.
[PhysX] Initialized MultithreadedTaskDispatcher with 16 workers.
 -> (artifact id: '75e454c7d3ccdda3bb6438aca5d88b1d') in 0.044454 seconds
Number of updated asset objects reloaded before import = 0
Number of asset objects unloaded after import = 2
========================================================================
Received Import Request.
  Time since last request: 0.000023 seconds.
  path: Assets/ThirdPartyAssets/GabrielAguiarProductions/UniqueMagicAbilities01_MobAB_8x8.mat
  artifactKey: Guid(30aaf0a37153af64cb7804e69cdb3761) Importer(815301076,1909f56bfc062723c751e8b465ee728b)
Start importing Assets/ThirdPartyAssets/GabrielAguiarProductions/UniqueMagicAbilities01_MobAB_8x8.mat using Guid(30aaf0a37153af64cb7804e69cdb3761) Importer(815301076,1909f56bfc062723c751e8b465ee728b) [PhysX] Initialized MultithreadedTaskDispatcher with 16 workers.
[PhysX] Initialized MultithreadedTaskDispatcher with 16 workers.
 -> (artifact id: '670326e0683acbe3b71538308f8257df') in 0.029527 seconds
Number of updated asset objects reloaded before import = 0
Number of asset objects unloaded after import = 2
========================================================================
Received Import Request.
  Time since last request: 0.000048 seconds.
  path: Assets/ThirdPartyAssets/GabrielAguiarProductions/UniqueMagicAbilities01_Add_8x8.mat
  artifactKey: Guid(13bd9535ce94b8b4c84b545906aa75d2) Importer(815301076,1909f56bfc062723c751e8b465ee728b)
Start importing Assets/ThirdPartyAssets/GabrielAguiarProductions/UniqueMagicAbilities01_Add_8x8.mat using Guid(13bd9535ce94b8b4c84b545906aa75d2) Importer(815301076,1909f56bfc062723c751e8b465ee728b) [PhysX] Initialized MultithreadedTaskDispatcher with 16 workers.
[PhysX] Initialized MultithreadedTaskDispatcher with 16 workers.
 -> (artifact id: '61fc59c3fa02633ce6aedc081d24ce37') in 0.035165 seconds
Number of updated asset objects reloaded before import = 0
Number of asset objects unloaded after import = 2
========================================================================
Received Import Request.
  Time since last request: 0.000029 seconds.
  path: Assets/ThirdPartyAssets/GabrielAguiarProductions/Spike01.fbx
  artifactKey: Guid(829446272af0f5f4bb6a175f15a2b860) Importer(815301076,1909f56bfc062723c751e8b465ee728b)
Start importing Assets/ThirdPartyAssets/GabrielAguiarProductions/Spike01.fbx using Guid(829446272af0f5f4bb6a175f15a2b860) Importer(815301076,1909f56bfc062723c751e8b465ee728b) [PhysX] Initialized MultithreadedTaskDispatcher with 16 workers.
[PhysX] Initialized MultithreadedTaskDispatcher with 16 workers.
[PhysX] Initialized MultithreadedTaskDispatcher with 16 workers.
 -> (artifact id: '94d031f4adca8b016ecf4f1de2a0281e') in 0.021934 seconds
Number of updated asset objects reloaded before import = 0
Number of asset objects unloaded after import = 7
========================================================================
Received Import Request.
  Time since last request: 0.000039 seconds.
  path: Assets/ThirdPartyAssets/GabrielAguiarProductions/Spike01_AB.mat
  artifactKey: Guid(2a9b6bfebc5339e438f49a6d0f1c7bfb) Importer(815301076,1909f56bfc062723c751e8b465ee728b)
Start importing Assets/ThirdPartyAssets/GabrielAguiarProductions/Spike01_AB.mat using Guid(2a9b6bfebc5339e438f49a6d0f1c7bfb) Importer(815301076,1909f56bfc062723c751e8b465ee728b) [PhysX] Initialized MultithreadedTaskDispatcher with 16 workers.
[PhysX] Initialized MultithreadedTaskDispatcher with 16 workers.
 -> (artifact id: '3c7d9ba2176310fa907f193fb33f1367') in 0.021704 seconds
Number of updated asset objects reloaded before import = 0
Number of asset objects unloaded after import = 6
========================================================================
Received Import Request.
  Time since last request: 2.614352 seconds.
  path: Assets/ThirdPartyAssets/GabrielAguiarProductions/Models/Cone01.fbx
  artifactKey: Guid(5d73c97d941142742b0a079e6533ca25) Importer(815301076,1909f56bfc062723c751e8b465ee728b)
Start importing Assets/ThirdPartyAssets/GabrielAguiarProductions/Models/Cone01.fbx using Guid(5d73c97d941142742b0a079e6533ca25) Importer(815301076,1909f56bfc062723c751e8b465ee728b) [PhysX] Initialized MultithreadedTaskDispatcher with 16 workers.
[PhysX] Initialized MultithreadedTaskDispatcher with 16 workers.
[PhysX] Initialized MultithreadedTaskDispatcher with 16 workers.
 -> (artifact id: 'ec13f4dca2c0b7d32c6885350093a68b') in 0.009038 seconds
Number of updated asset objects reloaded before import = 0
Number of asset objects unloaded after import = 7
========================================================================
Received Import Request.
  Time since last request: 0.000018 seconds.
  path: Assets/ThirdPartyAssets/GabrielAguiarProductions/Models/Sphere01_lowpoly.fbx
  artifactKey: Guid(2a59f5226085e3f40b81726d002d1ad8) Importer(815301076,1909f56bfc062723c751e8b465ee728b)
Start importing Assets/ThirdPartyAssets/GabrielAguiarProductions/Models/Sphere01_lowpoly.fbx using Guid(2a59f5226085e3f40b81726d002d1ad8) Importer(815301076,1909f56bfc062723c751e8b465ee728b) [PhysX] Initialized MultithreadedTaskDispatcher with 16 workers.
[PhysX] Initialized MultithreadedTaskDispatcher with 16 workers.
[PhysX] Initialized MultithreadedTaskDispatcher with 16 workers.
 -> (artifact id: '330404612fb84474f936aafd7a5b0cdb') in 0.020188 seconds
Number of updated asset objects reloaded before import = 0
Number of asset objects unloaded after import = 7
========================================================================
Received Import Request.
  Time since last request: 0.000025 seconds.
  path: Assets/ThirdPartyAssets/GabrielAguiarProductions/Models/Swirl02.fbx
  artifactKey: Guid(cc922c753d4d73a4f8b759f934958b85) Importer(815301076,1909f56bfc062723c751e8b465ee728b)
Start importing Assets/ThirdPartyAssets/GabrielAguiarProductions/Models/Swirl02.fbx using Guid(cc922c753d4d73a4f8b759f934958b85) Importer(815301076,1909f56bfc062723c751e8b465ee728b) [PhysX] Initialized MultithreadedTaskDispatcher with 16 workers.
[PhysX] Initialized MultithreadedTaskDispatcher with 16 workers.
[PhysX] Initialized MultithreadedTaskDispatcher with 16 workers.
 -> (artifact id: '60d96a80eb70146e7c11fab6206ac11d') in 0.010393 seconds
Number of updated asset objects reloaded before import = 0
Number of asset objects unloaded after import = 7
========================================================================
Received Import Request.
  Time since last request: 0.000021 seconds.
  path: Assets/ThirdPartyAssets/GabrielAguiarProductions/Models/Path02.fbx
  artifactKey: Guid(7293a930880ad514289b3dface548495) Importer(815301076,1909f56bfc062723c751e8b465ee728b)
Start importing Assets/ThirdPartyAssets/GabrielAguiarProductions/Models/Path02.fbx using Guid(7293a930880ad514289b3dface548495) Importer(815301076,1909f56bfc062723c751e8b465ee728b) [PhysX] Initialized MultithreadedTaskDispatcher with 16 workers.
[PhysX] Initialized MultithreadedTaskDispatcher with 16 workers.
[PhysX] Initialized MultithreadedTaskDispatcher with 16 workers.
 -> (artifact id: '744df433ca9e7ea87f6c2589d9e789c1') in 0.018249 seconds
Number of updated asset objects reloaded before import = 0
Number of asset objects unloaded after import = 7
========================================================================
Received Import Request.
  Time since last request: 3.807775 seconds.
  path: Assets/ThirdPartyAssets/GabrielAguiarProductions/Prefabs/vfx_Hit_Comet.prefab
  artifactKey: Guid(e4598656fff0336469fd8f2a233b0661) Importer(815301076,1909f56bfc062723c751e8b465ee728b)
Start importing Assets/ThirdPartyAssets/GabrielAguiarProductions/Prefabs/vfx_Hit_Comet.prefab using Guid(e4598656fff0336469fd8f2a233b0661) Importer(815301076,1909f56bfc062723c751e8b465ee728b) [PhysX] Initialized MultithreadedTaskDispatcher with 16 workers.
[PhysX] Initialized MultithreadedTaskDispatcher with 16 workers.
 -> (artifact id: '36429394c5a0176914011c998afea1c8') in 0.033376 seconds
Number of updated asset objects reloaded before import = 0
Number of asset objects unloaded after import = 56
========================================================================
Received Import Request.
  Time since last request: 0.000019 seconds.
  path: Assets/ThirdPartyAssets/GabrielAguiarProductions/Prefabs/vfx_Hit_SwordFire.prefab
  artifactKey: Guid(22e1ec6771f378f4eb515b3dd17197ee) Importer(815301076,1909f56bfc062723c751e8b465ee728b)
Start importing Assets/ThirdPartyAssets/GabrielAguiarProductions/Prefabs/vfx_Hit_SwordFire.prefab using Guid(22e1ec6771f378f4eb515b3dd17197ee) Importer(815301076,1909f56bfc062723c751e8b465ee728b) [PhysX] Initialized MultithreadedTaskDispatcher with 16 workers.
[PhysX] Initialized MultithreadedTaskDispatcher with 16 workers.
 -> (artifact id: '99ca861033578d0a82e2bb39140b0a0a') in 0.036714 seconds
Number of updated asset objects reloaded before import = 0
Number of asset objects unloaded after import = 42
========================================================================
Received Import Request.
  Time since last request: 0.000025 seconds.
  path: Assets/ThirdPartyAssets/GabrielAguiarProductions/Prefabs/vfx_Projectile_Comet.prefab
  artifactKey: Guid(13a2aa085de65f641a501af993c91620) Importer(815301076,1909f56bfc062723c751e8b465ee728b)
Start importing Assets/ThirdPartyAssets/GabrielAguiarProductions/Prefabs/vfx_Projectile_Comet.prefab using Guid(13a2aa085de65f641a501af993c91620) Importer(815301076,1909f56bfc062723c751e8b465ee728b) [PhysX] Initialized MultithreadedTaskDispatcher with 16 workers.
[PhysX] Initialized MultithreadedTaskDispatcher with 16 workers.
 -> (artifact id: '5c1b12d2d5966f80b75e5833354fa4f5') in 0.032826 seconds
Number of updated asset objects reloaded before import = 0
Number of asset objects unloaded after import = 109
========================================================================
Received Import Request.
  Time since last request: 0.000023 seconds.
  path: Assets/ThirdPartyAssets/GabrielAguiarProductions/Prefabs/vfx_Hit_Fireball05_Orange.prefab
  artifactKey: Guid(2b4c0fbc348d5b046a4b9bdb14b2a8a3) Importer(815301076,1909f56bfc062723c751e8b465ee728b)
Start importing Assets/ThirdPartyAssets/GabrielAguiarProductions/Prefabs/vfx_Hit_Fireball05_Orange.prefab using Guid(2b4c0fbc348d5b046a4b9bdb14b2a8a3) Importer(815301076,1909f56bfc062723c751e8b465ee728b) [PhysX] Initialized MultithreadedTaskDispatcher with 16 workers.
[PhysX] Initialized MultithreadedTaskDispatcher with 16 workers.
 -> (artifact id: '1714ba39c5bf418054dda5545ff2fc2b') in 0.030373 seconds
Number of updated asset objects reloaded before import = 0
Number of asset objects unloaded after import = 67
========================================================================
Received Import Request.
  Time since last request: 0.000022 seconds.
  path: Assets/ThirdPartyAssets/GabrielAguiarProductions/Prefabs/vfx_MagicAbility_ProjComet.prefab
  artifactKey: Guid(1c4033869ece6cf4db3bb3313d2ff3ee) Importer(815301076,1909f56bfc062723c751e8b465ee728b)
Start importing Assets/ThirdPartyAssets/GabrielAguiarProductions/Prefabs/vfx_MagicAbility_ProjComet.prefab using Guid(1c4033869ece6cf4db3bb3313d2ff3ee) Importer(815301076,1909f56bfc062723c751e8b465ee728b) [PhysX] Initialized MultithreadedTaskDispatcher with 16 workers.
[PhysX] Initialized MultithreadedTaskDispatcher with 16 workers.
 -> (artifact id: '58f5c2a29f01ea2a6d7d575d9d9169e9') in 0.040676 seconds
Number of updated asset objects reloaded before import = 0
Number of asset objects unloaded after import = 139
========================================================================
Received Import Request.
  Time since last request: 0.000023 seconds.
  path: Assets/ThirdPartyAssets/GabrielAguiarProductions/Prefabs/vfx_Projectile_ArrowFire.prefab
  artifactKey: Guid(760dce062d42cfa4f9301610dfd66344) Importer(815301076,1909f56bfc062723c751e8b465ee728b)
Start importing Assets/ThirdPartyAssets/GabrielAguiarProductions/Prefabs/vfx_Projectile_ArrowFire.prefab using Guid(760dce062d42cfa4f9301610dfd66344) Importer(815301076,1909f56bfc062723c751e8b465ee728b) [PhysX] Initialized MultithreadedTaskDispatcher with 16 workers.
[PhysX] Initialized MultithreadedTaskDispatcher with 16 workers.
 -> (artifact id: '057eacaa2e4837afe8b6df3329d71b8d') in 0.038194 seconds
Number of updated asset objects reloaded before import = 0
Number of asset objects unloaded after import = 76
========================================================================
Received Import Request.
  Time since last request: 0.000041 seconds.
  path: Assets/ThirdPartyAssets/GabrielAguiarProductions/Prefabs/vfx_Muzzle_Fireball05_Orange.prefab
  artifactKey: Guid(930139174cb245247ad39ee9e757768d) Importer(815301076,1909f56bfc062723c751e8b465ee728b)
Start importing Assets/ThirdPartyAssets/GabrielAguiarProductions/Prefabs/vfx_Muzzle_Fireball05_Orange.prefab using Guid(930139174cb245247ad39ee9e757768d) Importer(815301076,1909f56bfc062723c751e8b465ee728b) [PhysX] Initialized MultithreadedTaskDispatcher with 16 workers.
[PhysX] Initialized MultithreadedTaskDispatcher with 16 workers.
 -> (artifact id: 'b6ed124df594da2c331a81b88eccde10') in 0.024521 seconds
Number of updated asset objects reloaded before import = 0
Number of asset objects unloaded after import = 41
========================================================================
Received Import Request.
  Time since last request: 34.473416 seconds.
  path: Assets/ThirdPartyAssets/RDR/Particles/Aura Particle/Materials/Hit_2.mat
  artifactKey: Guid(7543c7409e5617a4bb4287b95203c31b) Importer(815301076,1909f56bfc062723c751e8b465ee728b)
Start importing Assets/ThirdPartyAssets/RDR/Particles/Aura Particle/Materials/Hit_2.mat using Guid(7543c7409e5617a4bb4287b95203c31b) Importer(815301076,1909f56bfc062723c751e8b465ee728b) [PhysX] Initialized MultithreadedTaskDispatcher with 16 workers.
[PhysX] Initialized MultithreadedTaskDispatcher with 16 workers.
 -> (artifact id: '53812afeaf335f97b57787c2e37151a1') in 0.016251 seconds
Number of updated asset objects reloaded before import = 0
Number of asset objects unloaded after import = 1
========================================================================
Received Import Request.
  Time since last request: 0.000028 seconds.
  path: Assets/ThirdPartyAssets/RDR/Particles/Aura Particle/Materials/Light_3.mat
  artifactKey: Guid(44a1076970c52f845b3e89e4f30bc4f1) Importer(815301076,1909f56bfc062723c751e8b465ee728b)
Start importing Assets/ThirdPartyAssets/RDR/Particles/Aura Particle/Materials/Light_3.mat using Guid(44a1076970c52f845b3e89e4f30bc4f1) Importer(815301076,1909f56bfc062723c751e8b465ee728b) [PhysX] Initialized MultithreadedTaskDispatcher with 16 workers.
[PhysX] Initialized MultithreadedTaskDispatcher with 16 workers.
 -> (artifact id: '898437982d58ca333fb8fa27115150a2') in 0.013864 seconds
Number of updated asset objects reloaded before import = 0
Number of asset objects unloaded after import = 1
========================================================================
Received Import Request.
  Time since last request: 0.000023 seconds.
  path: Assets/ThirdPartyAssets/RDR/Particles/Aura Particle/Materials/Line_2.mat
  artifactKey: Guid(0732ad4283391564ba9cba08689e45f6) Importer(815301076,1909f56bfc062723c751e8b465ee728b)
Start importing Assets/ThirdPartyAssets/RDR/Particles/Aura Particle/Materials/Line_2.mat using Guid(0732ad4283391564ba9cba08689e45f6) Importer(815301076,1909f56bfc062723c751e8b465ee728b) [PhysX] Initialized MultithreadedTaskDispatcher with 16 workers.
[PhysX] Initialized MultithreadedTaskDispatcher with 16 workers.
 -> (artifact id: '3912f9bd3e9d23dfd7a9baca2dbb4660') in 0.017655 seconds
Number of updated asset objects reloaded before import = 0
Number of asset objects unloaded after import = 2
========================================================================
Received Import Request.
  Time since last request: 0.000031 seconds.
  path: Assets/ThirdPartyAssets/RDR/Particles/Aura Particle/Materials/Shield_2.mat
  artifactKey: Guid(a5a41a8de8479dc4dae8fdcbdc89443f) Importer(815301076,1909f56bfc062723c751e8b465ee728b)
Start importing Assets/ThirdPartyAssets/RDR/Particles/Aura Particle/Materials/Shield_2.mat using Guid(a5a41a8de8479dc4dae8fdcbdc89443f) Importer(815301076,1909f56bfc062723c751e8b465ee728b) [PhysX] Initialized MultithreadedTaskDispatcher with 16 workers.
[PhysX] Initialized MultithreadedTaskDispatcher with 16 workers.
 -> (artifact id: '3d2c6ed33b9d843283044d9308ef3b52') in 0.013623 seconds
Number of updated asset objects reloaded before import = 0
Number of asset objects unloaded after import = 1
========================================================================
Received Import Request.
  Time since last request: 0.000022 seconds.
  path: Assets/ThirdPartyAssets/RDR/Particles/Aura Particle/Materials/Shield_1.mat
  artifactKey: Guid(5e58d386e5177554197eec0af7af148b) Importer(815301076,1909f56bfc062723c751e8b465ee728b)
Start importing Assets/ThirdPartyAssets/RDR/Particles/Aura Particle/Materials/Shield_1.mat using Guid(5e58d386e5177554197eec0af7af148b) Importer(815301076,1909f56bfc062723c751e8b465ee728b) [PhysX] Initialized MultithreadedTaskDispatcher with 16 workers.
[PhysX] Initialized MultithreadedTaskDispatcher with 16 workers.
 -> (artifact id: '9f901427bc540c1f7b1cd26fcdf1df4e') in 0.007624 seconds
Number of updated asset objects reloaded before import = 0
Number of asset objects unloaded after import = 1
========================================================================
Received Import Request.
  Time since last request: 0.000026 seconds.
  path: Assets/ThirdPartyAssets/RDR/Particles/Aura Particle/Materials/Magic_4.mat
  artifactKey: Guid(59c0f5c84d2e02c43ac2931e4067b56a) Importer(815301076,1909f56bfc062723c751e8b465ee728b)
Start importing Assets/ThirdPartyAssets/RDR/Particles/Aura Particle/Materials/Magic_4.mat using Guid(59c0f5c84d2e02c43ac2931e4067b56a) Importer(815301076,1909f56bfc062723c751e8b465ee728b) [PhysX] Initialized MultithreadedTaskDispatcher with 16 workers.
[PhysX] Initialized MultithreadedTaskDispatcher with 16 workers.
 -> (artifact id: '360631aae07839fe95093d60ce5a9231') in 0.091690 seconds
Number of updated asset objects reloaded before import = 0
Number of asset objects unloaded after import = 1
========================================================================
Received Import Request.
  Time since last request: 0.000014 seconds.
  path: Assets/ThirdPartyAssets/RDR/Particles/Aura Particle/Materials/Smoke_1.mat
  artifactKey: Guid(82ffd596287eeef4d9bad77b8800320b) Importer(815301076,1909f56bfc062723c751e8b465ee728b)
Start importing Assets/ThirdPartyAssets/RDR/Particles/Aura Particle/Materials/Smoke_1.mat using Guid(82ffd596287eeef4d9bad77b8800320b) Importer(815301076,1909f56bfc062723c751e8b465ee728b) [PhysX] Initialized MultithreadedTaskDispatcher with 16 workers.
[PhysX] Initialized MultithreadedTaskDispatcher with 16 workers.
 -> (artifact id: 'ef378b13f2113cc8f8028f5019c5e4a1') in 0.020159 seconds
Number of updated asset objects reloaded before import = 0
Number of asset objects unloaded after import = 2
========================================================================
Received Import Request.
  Time since last request: 0.000019 seconds.
  path: Assets/ThirdPartyAssets/RDR/Particles/Aura Particle/Materials/Sword.mat
  artifactKey: Guid(22f75eba9d14fb047955ffca032ca4ff) Importer(815301076,1909f56bfc062723c751e8b465ee728b)
Start importing Assets/ThirdPartyAssets/RDR/Particles/Aura Particle/Materials/Sword.mat using Guid(22f75eba9d14fb047955ffca032ca4ff) Importer(815301076,1909f56bfc062723c751e8b465ee728b) [PhysX] Initialized MultithreadedTaskDispatcher with 16 workers.
[PhysX] Initialized MultithreadedTaskDispatcher with 16 workers.
 -> (artifact id: 'b7a6f4535cbb0aaad4f3fe585116f020') in 0.030638 seconds
Number of updated asset objects reloaded before import = 0
Number of asset objects unloaded after import = 1
========================================================================
Received Import Request.
  Time since last request: 0.000018 seconds.
  path: Assets/ThirdPartyAssets/RDR/Particles/Aura Particle/Materials/Hit_14.mat
  artifactKey: Guid(749f8e575822bf14ea465f770875b801) Importer(815301076,1909f56bfc062723c751e8b465ee728b)
Start importing Assets/ThirdPartyAssets/RDR/Particles/Aura Particle/Materials/Hit_14.mat using Guid(749f8e575822bf14ea465f770875b801) Importer(815301076,1909f56bfc062723c751e8b465ee728b) [PhysX] Initialized MultithreadedTaskDispatcher with 16 workers.
[PhysX] Initialized MultithreadedTaskDispatcher with 16 workers.
 -> (artifact id: '23b19848c0a35de7f714fa4e36e5447b') in 0.006896 seconds
Number of updated asset objects reloaded before import = 0
Number of asset objects unloaded after import = 1
========================================================================
Received Import Request.
  Time since last request: 7.764738 seconds.
  path: Assets/ThirdPartyAssets/RDR/Particles/RPG Effect Pack/Prefab/Aura/Aura_3.prefab
  artifactKey: Guid(0f784b73d831b0a47953cc44b489ca45) Importer(815301076,1909f56bfc062723c751e8b465ee728b)
Start importing Assets/ThirdPartyAssets/RDR/Particles/RPG Effect Pack/Prefab/Aura/Aura_3.prefab using Guid(0f784b73d831b0a47953cc44b489ca45) Importer(815301076,1909f56bfc062723c751e8b465ee728b) [PhysX] Initialized MultithreadedTaskDispatcher with 16 workers.
[PhysX] Initialized MultithreadedTaskDispatcher with 16 workers.
 -> (artifact id: '540313b5af6a5bb062d3584ad8e999fb') in 0.016682 seconds
Number of updated asset objects reloaded before import = 0
Number of asset objects unloaded after import = 22
========================================================================
Received Import Request.
  Time since last request: 0.000022 seconds.
  path: Assets/ThirdPartyAssets/RDR/Particles/RPG Effect Pack/Prefab/Aura/Aura_6.prefab
  artifactKey: Guid(8c093391c0928d04c9a06545f1115515) Importer(815301076,1909f56bfc062723c751e8b465ee728b)
Start importing Assets/ThirdPartyAssets/RDR/Particles/RPG Effect Pack/Prefab/Aura/Aura_6.prefab using Guid(8c093391c0928d04c9a06545f1115515) Importer(815301076,1909f56bfc062723c751e8b465ee728b) [PhysX] Initialized MultithreadedTaskDispatcher with 16 workers.
[PhysX] Initialized MultithreadedTaskDispatcher with 16 workers.
 -> (artifact id: 'bce1b860b809aef9b54041ebb4380134') in 0.021530 seconds
Number of updated asset objects reloaded before import = 0
Number of asset objects unloaded after import = 31
========================================================================
Received Import Request.
  Time since last request: 0.000018 seconds.
  path: Assets/ThirdPartyAssets/RDR/Particles/RPG Effect Pack/Prefab/Aura/Aura_Shield_3.prefab
  artifactKey: Guid(def18e4eddad0fc41a7a67d56bf63946) Importer(815301076,1909f56bfc062723c751e8b465ee728b)
Start importing Assets/ThirdPartyAssets/RDR/Particles/RPG Effect Pack/Prefab/Aura/Aura_Shield_3.prefab using Guid(def18e4eddad0fc41a7a67d56bf63946) Importer(815301076,1909f56bfc062723c751e8b465ee728b) [PhysX] Initialized MultithreadedTaskDispatcher with 16 workers.
[PhysX] Initialized MultithreadedTaskDispatcher with 16 workers.
 -> (artifact id: '956fd9b4e30ddd56085483560114356e') in 0.021032 seconds
Number of updated asset objects reloaded before import = 0
Number of asset objects unloaded after import = 27
========================================================================
Received Import Request.
  Time since last request: 0.000042 seconds.
  path: Assets/ThirdPartyAssets/RDR/Particles/RPG Effect Pack/Prefab/Aura/Aura_Shield_2.prefab
  artifactKey: Guid(eba7dbf97e1e3a441b2347029f1da45f) Importer(815301076,1909f56bfc062723c751e8b465ee728b)
Start importing Assets/ThirdPartyAssets/RDR/Particles/RPG Effect Pack/Prefab/Aura/Aura_Shield_2.prefab using Guid(eba7dbf97e1e3a441b2347029f1da45f) Importer(815301076,1909f56bfc062723c751e8b465ee728b) [PhysX] Initialized MultithreadedTaskDispatcher with 16 workers.
[PhysX] Initialized MultithreadedTaskDispatcher with 16 workers.
 -> (artifact id: 'e2f5e10b96400b0e2198b6f98b49fece') in 0.012944 seconds
Number of updated asset objects reloaded before import = 0
Number of asset objects unloaded after import = 27
========================================================================
Received Import Request.
  Time since last request: 2.888231 seconds.
  path: Assets/ThirdPartyAssets/RDR/Particles/RPG Effect Pack/Prefab/Hit/Hit_3.prefab
  artifactKey: Guid(771f153aee0577e4db17baf8342fde79) Importer(815301076,1909f56bfc062723c751e8b465ee728b)
Start importing Assets/ThirdPartyAssets/RDR/Particles/RPG Effect Pack/Prefab/Hit/Hit_3.prefab using Guid(771f153aee0577e4db17baf8342fde79) Importer(815301076,1909f56bfc062723c751e8b465ee728b) [PhysX] Initialized MultithreadedTaskDispatcher with 16 workers.
[PhysX] Initialized MultithreadedTaskDispatcher with 16 workers.
 -> (artifact id: '92c29000b23cab48d6756be4117d95bf') in 0.013761 seconds
Number of updated asset objects reloaded before import = 0
Number of asset objects unloaded after import = 15
========================================================================
Received Import Request.
  Time since last request: 0.020969 seconds.
  path: Assets/ThirdPartyAssets/RDR/Particles/RPG Effect Pack/Prefab/Hit/Hit_9.prefab
  artifactKey: Guid(d72ad18069477aa499e1279a8bb7fea9) Importer(815301076,1909f56bfc062723c751e8b465ee728b)
Start importing Assets/ThirdPartyAssets/RDR/Particles/RPG Effect Pack/Prefab/Hit/Hit_9.prefab using Guid(d72ad18069477aa499e1279a8bb7fea9) Importer(815301076,1909f56bfc062723c751e8b465ee728b) [PhysX] Initialized MultithreadedTaskDispatcher with 16 workers.
[PhysX] Initialized MultithreadedTaskDispatcher with 16 workers.
 -> (artifact id: '249b4ef210ba1253db73ec0ea5b576aa') in 0.007932 seconds
Number of updated asset objects reloaded before import = 0
Number of asset objects unloaded after import = 21
========================================================================
Received Import Request.
  Time since last request: 0.007083 seconds.
  path: Assets/ThirdPartyAssets/RDR/Particles/RPG Effect Pack/Prefab/Hit/Hit_13.prefab
  artifactKey: Guid(c82d83e0d17c341419efa98c862db7d6) Importer(815301076,1909f56bfc062723c751e8b465ee728b)
Start importing Assets/ThirdPartyAssets/RDR/Particles/RPG Effect Pack/Prefab/Hit/Hit_13.prefab using Guid(c82d83e0d17c341419efa98c862db7d6) Importer(815301076,1909f56bfc062723c751e8b465ee728b) [PhysX] Initialized MultithreadedTaskDispatcher with 16 workers.
[PhysX] Initialized MultithreadedTaskDispatcher with 16 workers.
 -> (artifact id: 'deea159a066c30f91c59d53ce7110103') in 0.017010 seconds
Number of updated asset objects reloaded before import = 0
Number of asset objects unloaded after import = 17
========================================================================
Received Import Request.
  Time since last request: 0.000024 seconds.
  path: Assets/ThirdPartyAssets/RDR/Particles/RPG Effect Pack/Prefab/Hit/Hit_17.prefab
  artifactKey: Guid(5645a465e38285e4ea4f6bf9a585a4b0) Importer(815301076,1909f56bfc062723c751e8b465ee728b)
Start importing Assets/ThirdPartyAssets/RDR/Particles/RPG Effect Pack/Prefab/Hit/Hit_17.prefab using Guid(5645a465e38285e4ea4f6bf9a585a4b0) Importer(815301076,1909f56bfc062723c751e8b465ee728b) [PhysX] Initialized MultithreadedTaskDispatcher with 16 workers.
[PhysX] Initialized MultithreadedTaskDispatcher with 16 workers.
 -> (artifact id: 'feb27346ad08029aca381c2055258dca') in 0.021513 seconds
Number of updated asset objects reloaded before import = 0
Number of asset objects unloaded after import = 27
========================================================================
Received Import Request.
  Time since last request: 0.000021 seconds.
  path: Assets/ThirdPartyAssets/RDR/Particles/RPG Effect Pack/Prefab/Hit/Hit_22.prefab
  artifactKey: Guid(a2dbde09964bb38408d3e4851ea35ed8) Importer(815301076,1909f56bfc062723c751e8b465ee728b)
Start importing Assets/ThirdPartyAssets/RDR/Particles/RPG Effect Pack/Prefab/Hit/Hit_22.prefab using Guid(a2dbde09964bb38408d3e4851ea35ed8) Importer(815301076,1909f56bfc062723c751e8b465ee728b) [PhysX] Initialized MultithreadedTaskDispatcher with 16 workers.
[PhysX] Initialized MultithreadedTaskDispatcher with 16 workers.
 -> (artifact id: '08cfc23b24f3331ec3da1e8c8be32c77') in 0.024344 seconds
Number of updated asset objects reloaded before import = 0
Number of asset objects unloaded after import = 25
========================================================================
Received Import Request.
  Time since last request: 0.000023 seconds.
  path: Assets/ThirdPartyAssets/RDR/Particles/RPG Effect Pack/Prefab/Hit/Hit_24.prefab
  artifactKey: Guid(70cba7e41d50c9845a5709437dfc5c4d) Importer(815301076,1909f56bfc062723c751e8b465ee728b)
Start importing Assets/ThirdPartyAssets/RDR/Particles/RPG Effect Pack/Prefab/Hit/Hit_24.prefab using Guid(70cba7e41d50c9845a5709437dfc5c4d) Importer(815301076,1909f56bfc062723c751e8b465ee728b) [PhysX] Initialized MultithreadedTaskDispatcher with 16 workers.
[PhysX] Initialized MultithreadedTaskDispatcher with 16 workers.
 -> (artifact id: 'e7847e2cea90acaff073bef7c0ac71d7') in 0.020834 seconds
Number of updated asset objects reloaded before import = 0
Number of asset objects unloaded after import = 27
========================================================================
Received Import Request.
  Time since last request: 0.000021 seconds.
  path: Assets/ThirdPartyAssets/RDR/Particles/RPG Effect Pack/Prefab/Hit/Hit_29.prefab
  artifactKey: Guid(13627434bbec45a48bef66f7bcafeba2) Importer(815301076,1909f56bfc062723c751e8b465ee728b)
Start importing Assets/ThirdPartyAssets/RDR/Particles/RPG Effect Pack/Prefab/Hit/Hit_29.prefab using Guid(13627434bbec45a48bef66f7bcafeba2) Importer(815301076,1909f56bfc062723c751e8b465ee728b) [PhysX] Initialized MultithreadedTaskDispatcher with 16 workers.
[PhysX] Initialized MultithreadedTaskDispatcher with 16 workers.
 -> (artifact id: 'c6945c2c93a09906bf8dc03b0a9d126e') in 0.015935 seconds
Number of updated asset objects reloaded before import = 0
Number of asset objects unloaded after import = 16
========================================================================
Received Prepare
Caller must complete domain reload
Begin MonoManager ReloadAssembly
- Loaded All Assemblies, in  0.471 seconds
Native extension for UWP target not found
Native extension for WindowsStandalone target not found
Native extension for iOS target not found
Native extension for Android target not found
Native extension for WebGL target not found
System.Reflection.TargetInvocationException: Exception has been thrown by the target of an invocation. ---> System.NullReferenceException: Object reference not set to an instance of an object
  at XNodeEditor.NodeEditorAssetModProcessor.OnReloadEditor () [0x0004b] in C:\Users\tigaw\Unity Files\Nightrein DLC\Assets\Blink\Tools\RPGBuilder\ThirdPartyAssets\xNode-master\Scripts\Editor\NodeEditorAssetModProcessor.cs:55 
  at (wrapper managed-to-native) System.Reflection.RuntimeMethodInfo.InternalInvoke(System.Reflection.RuntimeMethodInfo,object,object[],System.Exception&)
  at System.Reflection.RuntimeMethodInfo.Invoke (System.Object obj, System.Reflection.BindingFlags invokeAttr, System.Reflection.Binder binder, System.Object[] parameters, System.Globalization.CultureInfo culture) [0x0006a] in <a914fa9a61f4426cb02cfb4156a1024d>:0 
   --- End of inner exception stack trace ---
  at System.Reflection.RuntimeMethodInfo.Invoke (System.Object obj, System.Reflection.BindingFlags invokeAttr, System.Reflection.Binder binder, System.Object[] parameters, System.Globalization.CultureInfo culture) [0x00083] in <a914fa9a61f4426cb02cfb4156a1024d>:0 
  at System.Reflection.MethodBase.Invoke (System.Object obj, System.Object[] parameters) [0x00000] in <a914fa9a61f4426cb02cfb4156a1024d>:0 
  at UnityEditor.EditorAssemblies.ProcessInitializeOnLoadMethodAttributes () [0x000a5] in <1378b88fef4c46d398a0261fcd723ab7>:0 
UnityEngine.StackTraceUtility:ExtractStackTrace ()
UnityEngine.DebugLogHandler:LogFormat (UnityEngine.LogType,UnityEngine.Object,string,object[])
UnityEngine.Logger:Log (UnityEngine.LogType,object)
UnityEngine.Debug:LogError (object)
UnityEditor.EditorAssemblies:ProcessInitializeOnLoadMethodAttributes ()

Mono: successfully reloaded assembly
- Finished resetting the current domain, in  1.899 seconds
Domain Reload Profiling: 2367ms
	BeginReloadAssembly (158ms)
		ExecutionOrderSort (0ms)
		DisableScriptedObjects (4ms)
		BackupInstance (0ms)
		ReleaseScriptingObjects (0ms)
		CreateAndSetChildDomain (45ms)
	RebuildCommonClasses (29ms)
	RebuildNativeTypeToScriptingClass (9ms)
	initialDomainReloadingComplete (28ms)
	LoadAllAssembliesAndSetupDomain (244ms)
		LoadAssemblies (308ms)
		RebuildTransferFunctionScriptingTraits (0ms)
		AnalyzeDomain (14ms)
			TypeCache.Refresh (5ms)
				TypeCache.ScanAssembly (0ms)
			ScanForSourceGeneratedMonoScriptInfo (0ms)
			ResolveRequiredComponents (8ms)
	FinalizeReload (1899ms)
		ReleaseScriptCaches (0ms)
		RebuildScriptCaches (0ms)
		SetupLoadedEditorAssemblies (722ms)
			LogAssemblyErrors (0ms)
			InitializePlatformSupportModulesInManaged (34ms)
			SetLoadedEditorAssemblies (3ms)
			RefreshPlugins (0ms)
			BeforeProcessingInitializeOnLoad (64ms)
			ProcessInitializeOnLoadAttributes (474ms)
			ProcessInitializeOnLoadMethodAttributes (141ms)
			AfterProcessingInitializeOnLoad (7ms)
			EditorAssembliesLoaded (0ms)
		ExecutionOrderSort2 (0ms)
		AwakeInstancesAfterBackupRestoration (5ms)
Refreshing native plugins compatible for Editor in 3.59 ms, found 3 plugins.
Preloading 0 native plugins for Editor in 0.00 ms.
Unloading 4014 Unused Serialized files (Serialized files now loaded: 0)
Unloading 40 unused Assets / (4.5 MB). Loaded Objects now: 4631.
Memory consumption went from 177.8 MB to 173.3 MB.
Total: 6.795100 ms (FindLiveObjects: 0.298100 ms CreateObjectMapping: 0.135800 ms MarkObjects: 4.850900 ms  DeleteObjects: 1.509000 ms)

Prepare: number of updated asset objects reloaded= 0
AssetImportParameters requested are different than current active one (requested -> active):
  custom:scripting/monoscript/fileName/MainMenu.cs: c093076ba5753d7bec74a8a751ffb653 -> 
  custom:container-demuxer-ogg: 62fdf1f143b41e24485cea50d1cbac27 -> 
  custom:video-decoder-ogg-theora: a1e56fd34408186e4bbccfd4996cb3dc -> 
  custom:framework-win-MediaFoundation: 216162199b28c13a410421893ffa2e32 -> 
  custom:CustomObjectIndexerAttribute: 9a22284fe3817be447336de3de66b15e -> 
  custom:container-demuxer-webm: 4f35f7cbe854078d1ac9338744f61a02 -> 
  custom:container-muxer-webm: aa71ff27fc2769a1b78a27578f13a17b -> 
  custom:video-decoder-webm-vp8: 9c59270c3fd7afecdb556c50c9e8de78 -> 
  custom:SearchIndexIgnoredProperties: e643bd26f0fe6173181afceb89e7c659 -> 
  custom:AudioImporter_EditorPlatform: d09bf68614088b80899f8185d706f6e7 -> 
  custom:scripting/monoscript/fileName/HowToPlayer.cs: dfbf507b638936ed9f55f04747b3b2dd -> 
  custom:video-encoder-webm-vp8: eb34c28f22e8b96e1ab97ce403110664 -> 
  custom:audio-decoder-ogg-vorbis: bf7c407c2cedff20999df2af8eb42d56 -> 
  custom:audio-encoder-webm-vorbis: bf7c407c2cedff20999df2af8eb42d56 -> 
Editor requested this worker to shutdown with reason: Scaling down because of idle timeout
TcpMessagingSession - receive error: operation aborted. errorcode: 995, details: The I/O operation has been aborted because of either a thread exit or an application request.
AssetImportWorker is now disconnected from the server
Process exiting
Exiting without the bug reporter. Application will terminate with return code 0